Aligning contigs to reference...
	Aligning contigs to the reference
Filtering alignments...
Parsing coords...
Loading reference...
	Loaded [NZ_CP065279.1]
	Total Regions: 1
	Total Region Length: 5377795
Analyzing contigs...
CONTIG: NODE_1_length_351384_cov_24.717822 (351384bp)
Best alignment score: 82471.1 (LEN: 84378, IDY: 97.74), Total number of alignments: 11
			Looking for the best set of alignments (out of 11 total alignments)
			Skipping redundant alignments after choosing the best set of alignments
		Skipping redundant alignment 4045439 4045536 | 122219 122122 | 98 98 | 98.98 | NZ_CP065279.1 NODE_1_length_351384_cov_24.717822
		This contig has several significant sets of alignments. [An ambiguously mapped contig]
		Using only the very best set (option --ambiguity-usage is set to "one").
			The best set is below. Score: 327413.9, number of alignments: 10, unaligned bases: 14210
		This contig is misassembled.
		This contig is partially unaligned. (Aligned 337174 out of 351384 non-N bases (95.96%))
			Excluding internal overlap of size 17 between Alignment 1 and 2: 4180172 4211544 | 31395 23 | 31373 31373 --> 4180189 4211544 | 31378 23 | 31356 31356
			Real Alignment 1: 4180189 4211544 | 31378 23 | 31356 31356 | 98.96 | NZ_CP065279.1 NODE_1_length_351384_cov_24.717822
			  Extensive misassembly (relocation, inconsistency = 50733) between these two alignments
			Real Alignment 2: 4044772 4129455 | 115756 31379 | 84684 84378 | 97.74 | NZ_CP065279.1 NODE_1_length_351384_cov_24.717822
			  Extensive misassembly (relocation, inconsistency = -4945) between these two alignments
			Real Alignment 3: 4018122 4043241 | 147323 122232 | 25120 25092 | 95.61 | NZ_CP065279.1 NODE_1_length_351384_cov_24.717822
			  Extensive misassembly (relocation, inconsistency = 1300) between these two alignments
			Real Alignment 4: 3954129 4013993 | 210001 150152 | 59865 59850 | 97.99 | NZ_CP065279.1 NODE_1_length_351384_cov_24.717822
			  Gap between these two alignments (local misassembly). Inconsistency = -495
			Real Alignment 5: 3943344 3954129 | 221331 210496 | 10786 10836 | 95.95 | NZ_CP065279.1 NODE_1_length_351384_cov_24.717822
			  Extensive misassembly (relocation, inconsistency = -2126) between these two alignments
			Real Alignment 6: 3904986 3943270 | 261786 223531 | 38285 38256 | 97.57 | NZ_CP065279.1 NODE_1_length_351384_cov_24.717822
			  Extensive misassembly (relocation, inconsistency = -1957) between these two alignments
			Real Alignment 7: 3887762 3904895 | 280967 263834 | 17134 17134 | 97.98 | NZ_CP065279.1 NODE_1_length_351384_cov_24.717822
			  Extensive misassembly (relocation, inconsistency = 29732) between these two alignments
			Real Alignment 8: 3852878 3858017 | 286119 280980 | 5140 5140 | 98.07 | NZ_CP065279.1 NODE_1_length_351384_cov_24.717822
			  Gap between these two alignments (local misassembly). Inconsistency = 293
			Real Alignment 9: 3809367 3852525 | 329333 286179 | 43159 43155 | 97.81 | NZ_CP065279.1 NODE_1_length_351384_cov_24.717822
			  Extensive misassembly (relocation, inconsistency = 1415) between these two alignments
			Real Alignment 10: 3785884 3807877 | 351384 329408 | 21994 21977 | 97.01 | NZ_CP065279.1 NODE_1_length_351384_cov_24.717822
		Unaligned bases: 14210

CONTIG: NODE_2_length_347051_cov_25.037639 (347051bp)
Best alignment score: 116353.3 (LEN: 119496, IDY: 97.37), Total number of alignments: 6
			Looking for the best set of alignments (out of 6 total alignments)
		This contig has several significant sets of alignments. [An ambiguously mapped contig]
		Using only the very best set (option --ambiguity-usage is set to "one").
			The best set is below. Score: 304311.4, number of alignments: 6, unaligned bases: 32610
		This contig is misassembled.
		This contig is partially unaligned. (Aligned 314441 out of 347051 non-N bases (90.60%))
			Real Alignment 1: 4705437 4705536 | 199 100 | 100 100 | 98.0 | NZ_CP065279.1 NODE_2_length_347051_cov_25.037639
			  Gap between these two alignments (local misassembly). Inconsistency = 261
			Real Alignment 2: 4630394 4702506 | 74594 2869 | 72113 71726 | 95.92 | NZ_CP065279.1 NODE_2_length_347051_cov_25.037639
			  Extensive misassembly (relocation, inconsistency = -10509) between these two alignments
			Real Alignment 3: 4510790 4630360 | 204632 85137 | 119571 119496 | 97.37 | NZ_CP065279.1 NODE_2_length_347051_cov_25.037639
			  Extensive misassembly (relocation, inconsistency = 1411) between these two alignments
			Real Alignment 4: 4419428 4509345 | 294493 204666 | 89918 89828 | 97.16 | NZ_CP065279.1 NODE_2_length_347051_cov_25.037639
			  Indel (> 5bp) between these two alignments: deletion of length 20; 171 mismatches (number of Ns: 0)
			Real Alignment 5: 4394373 4419216 | 319436 294685 | 24844 24752 | 97.49 | NZ_CP065279.1 NODE_2_length_347051_cov_25.037639
			  Gap between these two alignments (local misassembly). Inconsistency = 15
			Real Alignment 6: 4366778 4375289 | 347043 338505 | 8512 8539 | 95.76 | NZ_CP065279.1 NODE_2_length_347051_cov_25.037639
		Unaligned bases: 32610

CONTIG: NODE_3_length_288721_cov_23.579415 (288721bp)
Best alignment score: 58104.5 (LEN: 59254, IDY: 98.06), Total number of alignments: 11
			Looking for the best set of alignments (out of 11 total alignments)
			The best set is below. Score: 261633.0, number of alignments: 11, unaligned bases: 19360
		This contig is misassembled.
		This contig is partially unaligned. (Aligned 269361 out of 288721 non-N bases (93.29%))
			Real Alignment 1: 2064805 2094338 | 29524 1 | 29534 29524 | 97.5 | NZ_CP065279.1 NODE_3_length_288721_cov_23.579415
			  Extensive misassembly (relocation, inconsistency = -2801) between these two alignments
			Real Alignment 2: 2027371 2064757 | 69755 32373 | 37387 37383 | 97.84 | NZ_CP065279.1 NODE_3_length_288721_cov_23.579415
			  Gap between these two alignments (local misassembly). Inconsistency = -18
			Real Alignment 3: 2023316 2026428 | 73831 70716 | 3113 3116 | 95.83 | NZ_CP065279.1 NODE_3_length_288721_cov_23.579415
			  Extensive misassembly (relocation, inconsistency = -5187) between these two alignments
			Real Alignment 4: 2018872 2023288 | 83448 79046 | 4417 4403 | 96.45 | NZ_CP065279.1 NODE_3_length_288721_cov_23.579415
			  Extensive misassembly (relocation, inconsistency = -1767) between these two alignments
			Excluding internal overlap of size 2 between Alignment 5 and 6: 2006408 2018877 | 97673 85210 | 12470 12464 --> 2006410 2018877 | 97671 85210 | 12468 12462
			Real Alignment 5: 2006410 2018877 | 97671 85210 | 12468 12462 | 97.23 | NZ_CP065279.1 NODE_3_length_288721_cov_23.579415
			  Gap between these two alignments (local misassembly). Inconsistency = 351
			Real Alignment 6: 1984041 2006058 | 119687 97672 | 22018 22016 | 97.97 | NZ_CP065279.1 NODE_3_length_288721_cov_23.579415
			  Gap between these two alignments (local misassembly). Inconsistency = -362
			Real Alignment 7: 1968207 1983990 | 135736 120100 | 15784 15637 | 96.86 | NZ_CP065279.1 NODE_3_length_288721_cov_23.579415
			  Extensive misassembly (relocation, inconsistency = 18006) between these two alignments
			Real Alignment 8: 1939216 1948690 | 146723 137247 | 9475 9477 | 97.98 | NZ_CP065279.1 NODE_3_length_288721_cov_23.579415
			  Extensive misassembly (relocation, inconsistency = -4720) between these two alignments
			Excluding internal overlap of size 4 between Alignment 9 and 10: 1835586 1879607 | 254602 210621 | 44022 43982 --> 1835586 1879603 | 254602 210625 | 44018 43978
			Real Alignment 9: 1879965 1939288 | 210624 151371 | 59324 59254 | 98.06 | NZ_CP065279.1 NODE_3_length_288721_cov_23.579415
			  Gap between these two alignments (local misassembly). Inconsistency = 361
			Real Alignment 10: 1835586 1879603 | 254602 210625 | 44018 43978 | 97.27 | NZ_CP065279.1 NODE_3_length_288721_cov_23.579415
			  Gap between these two alignments (local misassembly). Inconsistency = 879
			Real Alignment 11: 1802285 1834407 | 287012 254902 | 32123 32111 | 97.75 | NZ_CP065279.1 NODE_3_length_288721_cov_23.579415
		Unaligned bases: 19360

CONTIG: NODE_4_length_280378_cov_23.587550 (280378bp)
Best alignment score: 102991.1 (LEN: 105351, IDY: 97.76), Total number of alignments: 7
			Looking for the best set of alignments (out of 7 total alignments)
		This contig has several significant sets of alignments. [An ambiguously mapped contig]
		Using only the very best set (option --ambiguity-usage is set to "one").
			The best set is below. Score: 253927.2, number of alignments: 7, unaligned bases: 19027
		This contig is misassembled.
		This contig is partially unaligned. (Aligned 261351 out of 280378 non-N bases (93.21%))
			Real Alignment 1: 3429401 3438994 | 9590 1 | 9594 9590 | 95.97 | NZ_CP065279.1 NODE_4_length_280378_cov_23.587550
			  Gap between these two alignments (local misassembly). Inconsistency = -2
			Real Alignment 2: 3345320 3428104 | 93534 10889 | 82785 82646 | 97.25 | NZ_CP065279.1 NODE_4_length_280378_cov_23.587550
			  Extensive misassembly (relocation, inconsistency = 2747) between these two alignments
			Real Alignment 3: 3237123 3342548 | 198909 93559 | 105426 105351 | 97.76 | NZ_CP065279.1 NODE_4_length_280378_cov_23.587550
			  Extensive misassembly (relocation, inconsistency = -1732) between these two alignments
			Real Alignment 4: 3228645 3237089 | 209108 200675 | 8445 8434 | 96.78 | NZ_CP065279.1 NODE_4_length_280378_cov_23.587550
			  Gap between these two alignments (local misassembly). Inconsistency = 26
			Real Alignment 5: 3196491 3227058 | 241238 210669 | 30568 30570 | 98.43 | NZ_CP065279.1 NODE_4_length_280378_cov_23.587550
			  Extensive misassembly (relocation, inconsistency = 8756) between these two alignments
			Real Alignment 6: 3162731 3187270 | 265982 241703 | 24540 24280 | 97.31 | NZ_CP065279.1 NODE_4_length_280378_cov_23.587550
			  Extensive misassembly (relocation, inconsistency = -13595) between these two alignments
			Real Alignment 7: 3162198 3162677 | 280110 279631 | 480 480 | 100.0 | NZ_CP065279.1 NODE_4_length_280378_cov_23.587550
		Unaligned bases: 19027

CONTIG: NODE_5_length_245536_cov_24.532267 (245536bp)
Best alignment score: 91105.7 (LEN: 93041, IDY: 97.92), Total number of alignments: 11
			Looking for the best set of alignments (out of 11 total alignments)
		This contig has several significant sets of alignments. [An ambiguously mapped contig]
		Using only the very best set (option --ambiguity-usage is set to "one").
			The best set is below. Score: 210898.7, number of alignments: 11, unaligned bases: 29366
		This contig is misassembled.
		This contig is partially unaligned. (Aligned 216170 out of 245536 non-N bases (88.04%))
			Real Alignment 1: 1698009 1709007 | 4 11002 | 10999 10999 | 95.05 | NZ_CP065279.1 NODE_5_length_245536_cov_24.532267
			  Gap between these two alignments (local misassembly). Inconsistency = -12
			Real Alignment 2: 1709555 1714891 | 11562 16898 | 5337 5337 | 95.85 | NZ_CP065279.1 NODE_5_length_245536_cov_24.532267
			  Extensive misassembly (relocation, inconsistency = -1855) between these two alignments
			Real Alignment 3: 1719648 1721103 | 23510 24965 | 1456 1456 | 95.47 | NZ_CP065279.1 NODE_5_length_245536_cov_24.532267
			  Gap between these two alignments (local misassembly). Inconsistency = 198
			Real Alignment 4: 1723987 1724582 | 27651 28246 | 596 596 | 96.64 | NZ_CP065279.1 NODE_5_length_245536_cov_24.532267
			  Gap between these two alignments (local misassembly). Inconsistency = -171
			Real Alignment 5: 1724792 1725065 | 28627 28900 | 274 274 | 96.35 | NZ_CP065279.1 NODE_5_length_245536_cov_24.532267
			  Extensive misassembly (relocation, inconsistency = -432635) between these two alignments
			Real Alignment 6: 1306779 1308900 | 43249 45370 | 2122 2122 | 97.13 | NZ_CP065279.1 NODE_5_length_245536_cov_24.532267
			  Gap between these two alignments (local misassembly). Inconsistency = -530
			Real Alignment 7: 1309029 1402224 | 46029 139069 | 93196 93041 | 97.92 | NZ_CP065279.1 NODE_5_length_245536_cov_24.532267
			  Gap between these two alignments (local misassembly). Inconsistency = -3
			Real Alignment 8: 1403073 1403195 | 139921 140043 | 123 123 | 95.93 | NZ_CP065279.1 NODE_5_length_245536_cov_24.532267
			  Gap between these two alignments (local misassembly). Inconsistency = -281
			Real Alignment 9: 1405595 1429437 | 142724 166556 | 23843 23833 | 98.33 | NZ_CP065279.1 NODE_5_length_245536_cov_24.532267
			  Gap between these two alignments (local misassembly). Inconsistency = 609
			Real Alignment 10: 1430280 1438012 | 166790 174519 | 7733 7730 | 97.52 | NZ_CP065279.1 NODE_5_length_245536_cov_24.532267
			  Gap between these two alignments (local misassembly). Inconsistency = -366
			Real Alignment 11: 1438005 1508815 | 174878 245536 | 70811 70659 | 98.27 | NZ_CP065279.1 NODE_5_length_245536_cov_24.532267
		Unaligned bases: 29366

CONTIG: NODE_6_length_238309_cov_25.260728 (238309bp)
Best alignment score: 36141.7 (LEN: 37137, IDY: 97.32), Total number of alignments: 12
			Looking for the best set of alignments (out of 12 total alignments)
		This contig has several significant sets of alignments. [An ambiguously mapped contig]
		Using only the very best set (option --ambiguity-usage is set to "one").
			The best set is below. Score: 222224.8, number of alignments: 12, unaligned bases: 8282
		This contig is misassembled.
		This contig is partially unaligned. (Aligned 230027 out of 238309 non-N bases (96.52%))
			Excluding internal overlap of size 1 between Alignment 1 and 2: 610589 639756 | 64903 35842 | 29168 29062 --> 610589 639755 | 64903 35843 | 29167 29061
			Real Alignment 1: 641163 677065 | 35842 1 | 35903 35842 | 97.99 | NZ_CP065279.1 NODE_6_length_238309_cov_25.260728
			  Extensive misassembly (relocation, inconsistency = 1407) between these two alignments
			Excluding internal overlap of size 18 between Alignment 2 and 3: 607536 609461 | 66811 64886 | 1926 1926 --> 607536 609443 | 66811 64904 | 1908 1908
			Real Alignment 2: 610589 639755 | 64903 35843 | 29167 29061 | 97.14 | NZ_CP065279.1 NODE_6_length_238309_cov_25.260728
			  Extensive misassembly (relocation, inconsistency = 1145) between these two alignments
			Excluding internal overlap of size 40 between Alignment 3 and 4: 607536 609443 | 66811 64904 | 1908 1908 --> 607576 609443 | 66771 64904 | 1868 1868
			Real Alignment 3: 607576 609443 | 66771 64904 | 1868 1868 | 98.75 | NZ_CP065279.1 NODE_6_length_238309_cov_25.260728
			  Extensive misassembly (relocation, inconsistency = 40107) between these two alignments
			Real Alignment 4: 555808 567468 | 78432 66772 | 11661 11661 | 97.84 | NZ_CP065279.1 NODE_6_length_238309_cov_25.260728
			  Extensive misassembly (relocation, inconsistency = 1938) between these two alignments
			Real Alignment 5: 545220 551837 | 87082 80465 | 6618 6618 | 96.52 | NZ_CP065279.1 NODE_6_length_238309_cov_25.260728
			  Extensive misassembly (relocation, inconsistency = 33082) between these two alignments
			Real Alignment 6: 481922 512137 | 117311 87083 | 30216 30229 | 97.7 | NZ_CP065279.1 NODE_6_length_238309_cov_25.260728
			  Gap between these two alignments (local misassembly). Inconsistency = 0
			Real Alignment 7: 470399 481630 | 128834 117603 | 11232 11232 | 97.0 | NZ_CP065279.1 NODE_6_length_238309_cov_25.260728
			  Gap between these two alignments (local misassembly). Inconsistency = 927
			Real Alignment 8: 432187 469373 | 166069 128933 | 37187 37137 | 97.32 | NZ_CP065279.1 NODE_6_length_238309_cov_25.260728
			  Gap between these two alignments (local misassembly). Inconsistency = 0
			Excluding internal overlap of size 1 between Alignment 9 and 10: 431734 431940 | 166521 166316 | 207 206 --> 431735 431940 | 166520 166316 | 206 205
			Real Alignment 9: 431735 431940 | 166520 166316 | 206 205 | 96.14 | NZ_CP065279.1 NODE_6_length_238309_cov_25.260728
			  Gap between these two alignments (local misassembly). Inconsistency = 611
			Real Alignment 10: 400356 431123 | 197034 166521 | 30768 30514 | 96.81 | NZ_CP065279.1 NODE_6_length_238309_cov_25.260728
			  Extensive misassembly (relocation, inconsistency = 1374) between these two alignments
			Real Alignment 11: 382821 398920 | 213189 197096 | 16100 16094 | 97.59 | NZ_CP065279.1 NODE_6_length_238309_cov_25.260728
			  Extensive misassembly (relocation, inconsistency = 3012) between these two alignments
			Real Alignment 12: 359291 378855 | 233708 214143 | 19565 19566 | 97.34 | NZ_CP065279.1 NODE_6_length_238309_cov_25.260728
		Unaligned bases: 8282

CONTIG: NODE_7_length_207853_cov_21.388931 (207853bp)
Best alignment score: 67230.9 (LEN: 68863, IDY: 97.63), Total number of alignments: 5
			Looking for the best set of alignments (out of 5 total alignments)
			The best set is below. Score: 195415.9, number of alignments: 5, unaligned bases: 5563
		This contig is misassembled.
		This contig is partially unaligned. (Aligned 202290 out of 207853 non-N bases (97.32%))
			Real Alignment 1: 3006268 3035376 | 29107 1 | 29109 29107 | 97.36 | NZ_CP065279.1 NODE_7_length_207853_cov_21.388931
			  Extensive misassembly (relocation, inconsistency = 6652) between these two alignments
			Real Alignment 2: 2930485 2999422 | 98163 29301 | 68938 68863 | 97.63 | NZ_CP065279.1 NODE_7_length_207853_cov_21.388931
			  Gap between these two alignments (local misassembly). Inconsistency = 600
			Real Alignment 3: 2926051 2929847 | 101991 98201 | 3797 3791 | 95.95 | NZ_CP065279.1 NODE_7_length_207853_cov_21.388931
			  Gap between these two alignments (local misassembly). Inconsistency = 676
			Real Alignment 4: 2892781 2925323 | 134540 102043 | 32543 32498 | 96.62 | NZ_CP065279.1 NODE_7_length_207853_cov_21.388931
			  Extensive misassembly (relocation, inconsistency = 12006) between these two alignments
			Real Alignment 5: 2811941 2880128 | 203217 135187 | 68188 68031 | 96.07 | NZ_CP065279.1 NODE_7_length_207853_cov_21.388931
		Unaligned bases: 5563

CONTIG: NODE_8_length_206390_cov_24.316999 (206390bp)
Best alignment score: 59937.5 (LEN: 61487, IDY: 97.48), Total number of alignments: 6
			Looking for the best set of alignments (out of 6 total alignments)
		This contig has several significant sets of alignments. [An ambiguously mapped contig]
		Using only the very best set (option --ambiguity-usage is set to "one").
			The best set is below. Score: 192108.9, number of alignments: 6, unaligned bases: 8172
		This contig is misassembled.
		This contig is partially unaligned. (Aligned 198218 out of 206390 non-N bases (96.04%))
			Real Alignment 1: 3438967 3490194 | 1 51213 | 51228 51213 | 96.7 | NZ_CP065279.1 NODE_8_length_206390_cov_24.316999
			  Gap between these two alignments (local misassembly). Inconsistency = -835
			Real Alignment 2: 3490197 3532166 | 52051 94019 | 41970 41969 | 97.75 | NZ_CP065279.1 NODE_8_length_206390_cov_24.316999
			  Extensive misassembly (relocation, inconsistency = 5766) between these two alignments
			Excluding internal overlap of size 193 between Alignment 3 and 4: 3537957 3539025 | 94044 95117 | 1069 1074 --> 3537957 3538832 | 94044 94924 | 876 881
			Real Alignment 3: 3537957 3538832 | 94044 94924 | 876 881 | 95.16 | NZ_CP065279.1 NODE_8_length_206390_cov_24.316999
			  Extensive misassembly (relocation, inconsistency = 1412) between these two alignments
			Real Alignment 4: 3540245 3582132 | 94925 136816 | 41888 41892 | 97.7 | NZ_CP065279.1 NODE_8_length_206390_cov_24.316999
			  Gap between these two alignments (local misassembly). Inconsistency = 449
			Real Alignment 5: 3583398 3644993 | 137633 199119 | 61596 61487 | 97.48 | NZ_CP065279.1 NODE_8_length_206390_cov_24.316999
			  Extensive misassembly (relocation, inconsistency = 3355591) between these two alignments
			Real Alignment 6: 220536 221311 | 206390 205615 | 776 776 | 96.91 | NZ_CP065279.1 NODE_8_length_206390_cov_24.316999
		Unaligned bases: 8172

CONTIG: NODE_9_length_195574_cov_24.484180 (195574bp)
Best alignment score: 84747.7 (LEN: 86266, IDY: 98.24), Total number of alignments: 5
			Looking for the best set of alignments (out of 5 total alignments)
			The best set is below. Score: 164468.7, number of alignments: 5, unaligned bases: 26898
		This contig is misassembled.
		This contig is partially unaligned. (Aligned 168676 out of 195574 non-N bases (86.25%))
			Real Alignment 1: 1115101 1133271 | 18181 11 | 18171 18171 | 99.67 | NZ_CP065279.1 NODE_9_length_195574_cov_24.484180
			  Extensive misassembly (relocation, inconsistency = -23417) between these two alignments
			Real Alignment 2: 1028818 1115103 | 127861 41596 | 86286 86266 | 98.24 | NZ_CP065279.1 NODE_9_length_195574_cov_24.484180
			  Extensive misassembly (relocation, inconsistency = 28625) between these two alignments
			Real Alignment 3: 944613 996773 | 183472 131281 | 52161 52192 | 97.78 | NZ_CP065279.1 NODE_9_length_195574_cov_24.484180
			  Extensive misassembly (relocation, inconsistency = 3931) between these two alignments
			Real Alignment 4: 932096 940672 | 192055 183482 | 8577 8574 | 96.45 | NZ_CP065279.1 NODE_9_length_195574_cov_24.484180
			  Extensive misassembly (relocation, inconsistency = 11745) between these two alignments
			Real Alignment 5: 916833 920305 | 195573 192101 | 3473 3473 | 95.22 | NZ_CP065279.1 NODE_9_length_195574_cov_24.484180
		Unaligned bases: 26898

CONTIG: NODE_10_length_179965_cov_24.402889 (179965bp)
Best alignment score: 132486.0 (LEN: 134163, IDY: 98.75), Total number of alignments: 3
			Looking for the best set of alignments (out of 3 total alignments)
			The best set is below. Score: 175017.4, number of alignments: 3, unaligned bases: 2073
		This contig is misassembled.
		This contig is partially unaligned. (Aligned 177892 out of 179965 non-N bases (98.85%))
			Excluding internal overlap of size 45 between Alignment 1 and 2: 1727927 1749320 | 22750 1360 | 21394 21391 --> 1727972 1749320 | 22705 1360 | 21349 21346
			Real Alignment 1: 1727972 1749320 | 22705 1360 | 21349 21346 | 97.53 | NZ_CP065279.1 NODE_10_length_179965_cov_24.402889
			  Extensive misassembly (relocation, inconsistency = 62255) between these two alignments
			Real Alignment 2: 1531229 1665716 | 156868 22706 | 134488 134163 | 98.75 | NZ_CP065279.1 NODE_10_length_179965_cov_24.402889
			  Gap between these two alignments (local misassembly). Inconsistency = -704
			Real Alignment 3: 1508825 1531218 | 179965 157583 | 22394 22383 | 98.33 | NZ_CP065279.1 NODE_10_length_179965_cov_24.402889
		Unaligned bases: 2073

CONTIG: NODE_11_length_154056_cov_22.892600 (154056bp)
Best alignment score: 59213.9 (LEN: 60726, IDY: 97.51), Total number of alignments: 3
			Looking for the best set of alignments (out of 3 total alignments)
			The best set is below. Score: 140019.6, number of alignments: 3, unaligned bases: 9552
		This contig is misassembled.
		This contig is partially unaligned. (Aligned 144504 out of 154056 non-N bases (93.80%))
			Real Alignment 1: 2235417 2296144 | 4263 64988 | 60728 60726 | 97.51 | NZ_CP065279.1 NODE_11_length_154056_cov_22.892600
			  Extensive misassembly (relocation, inconsistency = -4083) between these two alignments
			Real Alignment 2: 2296159 2326576 | 69086 99440 | 30418 30355 | 96.66 | NZ_CP065279.1 NODE_11_length_154056_cov_22.892600
			  Extensive misassembly (relocation, inconsistency = -1192) between these two alignments
			Real Alignment 3: 2326578 2380177 | 100634 154056 | 53600 53423 | 97.27 | NZ_CP065279.1 NODE_11_length_154056_cov_22.892600
		Unaligned bases: 9552

CONTIG: NODE_12_length_137669_cov_22.643163 (137669bp)
Best alignment score: 56059.4 (LEN: 57615, IDY: 97.30), Total number of alignments: 4
			Looking for the best set of alignments (out of 4 total alignments)
			The best set is below. Score: 130134.9, number of alignments: 4, unaligned bases: 3350
		This contig is misassembled.
		This contig is partially unaligned. (Aligned 134319 out of 137669 non-N bases (97.57%))
			Real Alignment 1: 2219542 2235444 | 17958 2057 | 15903 15902 | 99.72 | NZ_CP065279.1 NODE_12_length_137669_cov_22.643163
			  Extensive misassembly (relocation, inconsistency = -1268) between these two alignments
			Real Alignment 2: 2200119 2219544 | 38640 19224 | 19426 19417 | 96.68 | NZ_CP065279.1 NODE_12_length_137669_cov_22.643163
			  Gap between these two alignments (local misassembly). Inconsistency = 219
			Real Alignment 3: 2158469 2199892 | 80032 38648 | 41424 41385 | 96.58 | NZ_CP065279.1 NODE_12_length_137669_cov_22.643163
			  Extensive misassembly (relocation, inconsistency = 6283) between these two alignments
			Real Alignment 4: 2094351 2152170 | 137662 80048 | 57820 57615 | 97.3 | NZ_CP065279.1 NODE_12_length_137669_cov_22.643163
		Unaligned bases: 3350

CONTIG: NODE_13_length_133468_cov_25.646245 (133468bp)
Best alignment score: 39504.8 (LEN: 40815, IDY: 96.79), Total number of alignments: 6
			Looking for the best set of alignments (out of 6 total alignments)
		This contig has several significant sets of alignments. [An ambiguously mapped contig]
		Using only the very best set (option --ambiguity-usage is set to "one").
			The best set is below. Score: 105623.8, number of alignments: 6, unaligned bases: 23353
		This contig is misassembled.
		This contig is partially unaligned. (Aligned 110115 out of 133468 non-N bases (82.50%))
			Real Alignment 1: 5108373 5131911 | 1 23539 | 23539 23539 | 96.34 | NZ_CP065279.1 NODE_13_length_133468_cov_25.646245
			  Extensive misassembly (relocation, inconsistency = 1495) between these two alignments
			Excluding internal overlap of size 2 between Alignment 2 and 3: 5175071 5210832 | 64361 99967 | 35762 35607 --> 5175073 5210832 | 64363 99967 | 35760 35605
			Real Alignment 2: 5133415 5174292 | 23548 64362 | 40878 40815 | 96.79 | NZ_CP065279.1 NODE_13_length_133468_cov_25.646245
			  Gap between these two alignments (local misassembly). Inconsistency = 780
			Real Alignment 3: 5175073 5210832 | 64363 99967 | 35760 35605 | 96.4 | NZ_CP065279.1 NODE_13_length_133468_cov_25.646245
			  Gap between these two alignments (local misassembly). Inconsistency = 519
			Real Alignment 4: 5211511 5220437 | 100127 109053 | 8927 8927 | 95.04 | NZ_CP065279.1 NODE_13_length_133468_cov_25.646245
			  Extensive misassembly (relocation, inconsistency = 2655) between these two alignments
			Real Alignment 5: 5223140 5224066 | 109101 110027 | 927 927 | 96.01 | NZ_CP065279.1 NODE_13_length_133468_cov_25.646245
			  Indel (> 5bp) between these two alignments: deletion of length 153; 0 mismatches (number of Ns: 0)
			Real Alignment 6: 5224220 5224521 | 110028 110329 | 302 302 | 97.02 | NZ_CP065279.1 NODE_13_length_133468_cov_25.646245
		Unaligned bases: 23353

CONTIG: NODE_14_length_118888_cov_25.696133 (118888bp)
Best alignment score: 76935.3 (LEN: 78811, IDY: 97.62), Total number of alignments: 2
			Looking for the best set of alignments (out of 2 total alignments)
			The best set is below. Score: 115338.6, number of alignments: 2, unaligned bases: 326
		This contig is misassembled.
			Real Alignment 1: 4930864 5009694 | 7 78817 | 78831 78811 | 97.62 | NZ_CP065279.1 NODE_14_length_118888_cov_25.696133
			  Gap between these two alignments (local misassembly). Inconsistency = -321
			Real Alignment 2: 5009694 5049484 | 79138 118888 | 39791 39751 | 96.67 | NZ_CP065279.1 NODE_14_length_118888_cov_25.696133

CONTIG: NODE_15_length_117077_cov_23.321565 (117077bp)
Best alignment score: 108182.5 (LEN: 110786, IDY: 97.65), Total number of alignments: 1
			Looking for the best set of alignments (out of 1 total alignments)
			The best set is below. Score: 108182.5, number of alignments: 1, unaligned bases: 6291
		This contig is partially unaligned. (Aligned 110786 out of 117077 non-N bases (94.63%))
		Alignment: 3036091 3147192 | 1 110786 | 111102 110786 | 97.65 | NZ_CP065279.1 NODE_15_length_117077_cov_23.321565
		Unaligned bases: 110787 to 117077 (6291)

CONTIG: NODE_16_length_111008_cov_25.101669 (111008bp)
Best alignment score: 35832.2 (LEN: 36463, IDY: 98.27), Total number of alignments: 5
			Looking for the best set of alignments (out of 5 total alignments)
			Skipping redundant alignments after choosing the best set of alignments
		Skipping redundant alignment 837597 837817 | 61366 61586 | 221 221 | 100.0 | NZ_CP065279.1 NODE_16_length_111008_cov_25.101669
		This contig has several significant sets of alignments. [An ambiguously mapped contig]
		Using only the very best set (option --ambiguity-usage is set to "one").
			The best set is below. Score: 79060.4, number of alignments: 4, unaligned bases: 30483
		This contig is misassembled.
		This contig is partially unaligned. (Aligned 80525 out of 111008 non-N bases (72.54%))
			Real Alignment 1: 844165 872951 | 28785 1 | 28787 28785 | 99.78 | NZ_CP065279.1 NODE_16_length_111008_cov_25.101669
			  Extensive misassembly (relocation, inconsistency = -30268) between these two alignments
			Real Alignment 2: 841851 844168 | 61367 59050 | 2318 2318 | 99.91 | NZ_CP065279.1 NODE_16_length_111008_cov_25.101669
			  Extensive misassembly (relocation, inconsistency = 4034) between these two alignments
			Excluding internal overlap of size 3 between Alignment 3 and 4: 824636 837597 | 74548 61587 | 12962 12962 --> 824639 837597 | 74545 61587 | 12959 12959
			Real Alignment 3: 824639 837597 | 74545 61587 | 12959 12959 | 99.87 | NZ_CP065279.1 NODE_16_length_111008_cov_25.101669
			  Extensive misassembly (relocation, inconsistency = 1167) between these two alignments
			Real Alignment 4: 786998 823471 | 111008 74546 | 36474 36463 | 98.27 | NZ_CP065279.1 NODE_16_length_111008_cov_25.101669
		Unaligned bases: 30483

CONTIG: NODE_17_length_110615_cov_25.346330 (110615bp)
Best alignment score: 82829.6 (LEN: 84108, IDY: 98.48), Total number of alignments: 2
			Looking for the best set of alignments (out of 2 total alignments)
			The best set is below. Score: 107720.7, number of alignments: 2, unaligned bases: 987
		This contig is misassembled.
		This contig is partially unaligned. (Aligned 109628 out of 110615 non-N bases (99.11%))
			Real Alignment 1: 761424 786986 | 25520 1 | 25563 25520 | 97.63 | NZ_CP065279.1 NODE_17_length_110615_cov_25.346330
			  Gap between these two alignments (local misassembly). Inconsistency = -886
			Real Alignment 2: 677038 761322 | 110615 26508 | 84285 84108 | 98.48 | NZ_CP065279.1 NODE_17_length_110615_cov_25.346330
		Unaligned bases: 987

CONTIG: NODE_18_length_110280_cov_25.798277 (110280bp)
Best alignment score: 45025.2 (LEN: 46389, IDY: 97.06), Total number of alignments: 4
			Looking for the best set of alignments (out of 4 total alignments)
			The best set is below. Score: 106282.0, number of alignments: 4, unaligned bases: 191
		This contig is misassembled.
			Real Alignment 1: 135895 161829 | 25894 1 | 25935 25894 | 96.68 | NZ_CP065279.1 NODE_18_length_110280_cov_25.798277
			  Extensive misassembly (relocation, inconsistency = 2575) between these two alignments
			Real Alignment 2: 105990 133317 | 53244 25897 | 27328 27348 | 97.17 | NZ_CP065279.1 NODE_18_length_110280_cov_25.798277
			  Gap between these two alignments (local misassembly). Inconsistency = 494
			Real Alignment 3: 59020 105418 | 99710 53322 | 46399 46389 | 97.06 | NZ_CP065279.1 NODE_18_length_110280_cov_25.798277
			  Extensive misassembly (relocation, inconsistency = 2142) between these two alignments
			Real Alignment 4: 46314 56765 | 110280 99823 | 10452 10458 | 97.27 | NZ_CP065279.1 NODE_18_length_110280_cov_25.798277

CONTIG: NODE_19_length_109282_cov_24.404431 (109282bp)
Best alignment score: 35501.7 (LEN: 35698, IDY: 99.45), Total number of alignments: 7
			Looking for the best set of alignments (out of 7 total alignments)
		This contig has several significant sets of alignments. [An ambiguously mapped contig]
		Using only the very best set (option --ambiguity-usage is set to "one").
			The best set is below. Score: 105339.6, number of alignments: 7, unaligned bases: 1110
		This contig is misassembled.
		This contig is partially unaligned. (Aligned 108172 out of 109185 non-N bases (99.07%))
			Excluding internal overlap of size 1 between Alignment 1 and 2: 1170569 1170654 | 35698 35783 | 86 86 --> 1170570 1170654 | 35699 35783 | 85 85
			Real Alignment 1: 1133266 1169146 | 1 35698 | 35881 35698 | 99.45 | NZ_CP065279.1 NODE_19_length_109282_cov_24.404431
			  Extensive misassembly (relocation, inconsistency = 1423) between these two alignments
			Real Alignment 2: 1170570 1170654 | 35699 35783 | 85 85 | 98.84 | NZ_CP065279.1 NODE_19_length_109282_cov_24.404431
			  Gap between these two alignments (local misassembly). Inconsistency = 356
			Real Alignment 3: 1171011 1193974 | 35784 58764 | 22964 22981 | 98.37 | NZ_CP065279.1 NODE_19_length_109282_cov_24.404431
			  Extensive misassembly (relocation, inconsistency = 1014) between these two alignments
			Real Alignment 4: 1195177 1211153 | 58953 74898 | 15977 15946 | 96.02 | NZ_CP065279.1 NODE_19_length_109282_cov_24.404431
			  Scaffold gap between these two alignments, gap lengths difference (reference vs assembly) = 274 (local)
			Excluding internal overlap of size 22 between Alignment 5 and 6: 1237856 1241093 | 81633 84871 | 3238 3239 --> 1237878 1241093 | 81655 84871 | 3216 3217
			Real Alignment 5: 1211525 1218235 | 74996 81654 | 6711 6659 | 97.16 | NZ_CP065279.1 NODE_19_length_109282_cov_24.404431
			  Extensive misassembly (relocation, inconsistency = 19642) between these two alignments
			Real Alignment 6: 1237878 1241093 | 81655 84871 | 3216 3217 | 98.18 | NZ_CP065279.1 NODE_19_length_109282_cov_24.404431
			  Gap between these two alignments (local misassembly). Inconsistency = -752
			Real Alignment 7: 1241167 1264777 | 85697 109282 | 23611 23586 | 97.61 | NZ_CP065279.1 NODE_19_length_109282_cov_24.404431
		Unaligned bases: 1110

CONTIG: NODE_20_length_93784_cov_25.019800 (93784bp)
Best alignment score: 41194.5 (LEN: 41598, IDY: 99.03), Total number of alignments: 4
			Looking for the best set of alignments (out of 4 total alignments)
		This contig has several significant sets of alignments. [An ambiguously mapped contig]
		Using only the very best set (option --ambiguity-usage is set to "one").
			The best set is below. Score: 88401.1, number of alignments: 4, unaligned bases: 4030
		This contig is misassembled.
		This contig is partially unaligned. (Aligned 89754 out of 93784 non-N bases (95.70%))
			Real Alignment 1: 4340983 4366767 | 25809 1 | 25785 25809 | 99.57 | NZ_CP065279.1 NODE_20_length_93784_cov_25.019800
			  Gap between these two alignments (local misassembly). Inconsistency = 626
			Excluding internal overlap of size 30 between Alignment 2 and 3: 4276022 4298090 | 89404 67393 | 22069 22012 --> 4276022 4298060 | 89404 67423 | 22039 21982
			Real Alignment 2: 4298718 4340341 | 67422 25825 | 41624 41598 | 99.03 | NZ_CP065279.1 NODE_20_length_93784_cov_25.019800
			  Gap between these two alignments (local misassembly). Inconsistency = 657
			Real Alignment 3: 4276022 4298060 | 89404 67423 | 22039 21982 | 97.63 | NZ_CP065279.1 NODE_20_length_93784_cov_25.019800
			  Extensive misassembly (relocation, inconsistency = 2482798) between these two alignments
			Real Alignment 4: 1788844 1789208 | 93784 93420 | 365 365 | 98.9 | NZ_CP065279.1 NODE_20_length_93784_cov_25.019800
		Unaligned bases: 4030

CONTIG: NODE_21_length_82305_cov_24.415420 (82305bp)
Best alignment score: 22751.0 (LEN: 23194, IDY: 98.09), Total number of alignments: 6
			Looking for the best set of alignments (out of 6 total alignments)
		This contig has several significant sets of alignments. [An ambiguously mapped contig]
		Using only the very best set (option --ambiguity-usage is set to "one").
			The best set is below. Score: 64811.0, number of alignments: 6, unaligned bases: 14507
		This contig is misassembled.
		This contig is partially unaligned. (Aligned 67798 out of 82305 non-N bases (82.37%))
			Real Alignment 1: 3773302 3785877 | 12576 1 | 12576 12576 | 97.59 | NZ_CP065279.1 NODE_21_length_82305_cov_24.415420
			  Extensive misassembly (relocation, inconsistency = -1468131) between these two alignments
			Real Alignment 2: 5228184 5230122 | 25818 23887 | 1939 1932 | 95.08 | NZ_CP065279.1 NODE_21_length_82305_cov_24.415420
			  Extensive misassembly (relocation, inconsistency = 1459108) between these two alignments
			Excluding internal overlap of size 30 between Alignment 3 and 4: 3670577 3678833 | 57973 49731 | 8257 8243 --> 3670577 3678803 | 57973 49761 | 8227 8213
			Real Alignment 3: 3745141 3766736 | 49760 28158 | 21596 21603 | 97.49 | NZ_CP065279.1 NODE_21_length_82305_cov_24.415420
			  Extensive misassembly (relocation, inconsistency = 66337) between these two alignments
			Real Alignment 4: 3670577 3678803 | 57973 49761 | 8227 8213 | 96.01 | NZ_CP065279.1 NODE_21_length_82305_cov_24.415420
			  Extensive misassembly (relocation, inconsistency = 1660) between these two alignments
			Real Alignment 5: 3645709 3668901 | 81182 57989 | 23193 23194 | 98.09 | NZ_CP065279.1 NODE_21_length_82305_cov_24.415420
			  Extensive misassembly (relocation, inconsistency = 1887936) between these two alignments
			Real Alignment 6: 1756650 1756929 | 82026 82305 | 280 280 | 96.43 | NZ_CP065279.1 NODE_21_length_82305_cov_24.415420
		Unaligned bases: 14507

CONTIG: NODE_22_length_82239_cov_20.010373 (82239bp)
Best alignment score: 76607.3 (LEN: 77000, IDY: 99.49), Total number of alignments: 3
			Looking for the best set of alignments (out of 3 total alignments)
			The best set is below. Score: 81098.2, number of alignments: 3, unaligned bases: 87
		This contig is misassembled.
			Real Alignment 1: 2693109 2770103 | 1 77000 | 76995 77000 | 99.49 | NZ_CP065279.1 NODE_22_length_82239_cov_20.010373
			  Extensive misassembly (relocation, inconsistency = 7251) between these two alignments
			Excluding internal overlap of size 3 between Alignment 2 and 3: 2782130 2784371 | 79996 82239 | 2242 2244 --> 2782133 2784371 | 79999 82239 | 2239 2241
			Real Alignment 2: 2777442 2780355 | 77088 79998 | 2914 2911 | 96.71 | NZ_CP065279.1 NODE_22_length_82239_cov_20.010373
			  Extensive misassembly (relocation, inconsistency = 1777) between these two alignments
			Real Alignment 3: 2782133 2784371 | 79999 82239 | 2239 2241 | 97.15 | NZ_CP065279.1 NODE_22_length_82239_cov_20.010373

CONTIG: NODE_23_length_75013_cov_24.675868 (75013bp)
Best alignment score: 26996.5 (LEN: 27441, IDY: 98.38), Total number of alignments: 5
			Looking for the best set of alignments (out of 5 total alignments)
			The best set is below. Score: 65871.5, number of alignments: 5, unaligned bases: 7252
		This contig is misassembled.
		This contig is partially unaligned. (Aligned 67761 out of 75013 non-N bases (90.33%))
			Real Alignment 1: 40368 44107 | 3742 4 | 3740 3739 | 96.39 | NZ_CP065279.1 NODE_23_length_75013_cov_24.675868
			  Extensive misassembly (relocation, inconsistency = -3563) between these two alignments
			Real Alignment 2: 12566 40001 | 34996 7672 | 27436 27325 | 96.76 | NZ_CP065279.1 NODE_23_length_75013_cov_24.675868
			  Gap between these two alignments (local misassembly). Inconsistency = 8
			Real Alignment 3: 10310 11192 | 37244 36362 | 883 883 | 96.15 | NZ_CP065279.1 NODE_23_length_75013_cov_24.675868
			  Gap between these two alignments (local misassembly). Inconsistency = -17
			Real Alignment 4: 1 8371 | 47572 39200 | 8371 8373 | 98.32 | NZ_CP065279.1 NODE_23_length_75013_cov_24.675868
			  Not a misassembly [linear representation of circular genome] between these two alignments
			Real Alignment 5: 5350356 5377795 | 75013 47573 | 27440 27441 | 98.38 | NZ_CP065279.1 NODE_23_length_75013_cov_24.675868
		Unaligned bases: 7252

CONTIG: NODE_24_length_72813_cov_22.231248 (72813bp)
Best alignment score: 39404.2 (LEN: 40602, IDY: 97.05), Total number of alignments: 3
			Looking for the best set of alignments (out of 3 total alignments)
			The best set is below. Score: 70429.8, number of alignments: 3, unaligned bases: 6
		This contig is misassembled.
			Excluding internal overlap of size 3 between Alignment 1 and 2: 2478876 2481299 | 2424 1 | 2424 2424 --> 2478879 2481299 | 2421 1 | 2421 2421
			Real Alignment 1: 2478879 2481299 | 2421 1 | 2421 2421 | 97.48 | NZ_CP065279.1 NODE_24_length_72813_cov_22.231248
			  Gap between these two alignments (local misassembly). Inconsistency = 274
			Real Alignment 2: 2437983 2478604 | 43023 2422 | 40622 40602 | 97.05 | NZ_CP065279.1 NODE_24_length_72813_cov_22.231248
			  Extensive misassembly (relocation, inconsistency = 22096) between these two alignments
			Real Alignment 3: 2386128 2415883 | 72810 43027 | 29756 29784 | 97.17 | NZ_CP065279.1 NODE_24_length_72813_cov_22.231248

CONTIG: NODE_25_length_71990_cov_24.154665 (71990bp)
Best alignment score: 30097.8 (LEN: 30553, IDY: 98.51), Total number of alignments: 3
			Looking for the best set of alignments (out of 3 total alignments)
			The best set is below. Score: 69951.4, number of alignments: 3, unaligned bases: 186
		This contig is misassembled.
			Real Alignment 1: 4818079 4848636 | 99 30651 | 30558 30553 | 98.51 | NZ_CP065279.1 NODE_25_length_71990_cov_24.154665
			  Extensive misassembly (relocation, inconsistency = 3657) between these two alignments
			Real Alignment 2: 4852302 4876820 | 30660 55168 | 24519 24509 | 98.47 | NZ_CP065279.1 NODE_25_length_71990_cov_24.154665
			  Extensive misassembly (relocation, inconsistency = 5364) between these two alignments
			Real Alignment 3: 4882206 4898953 | 55190 71931 | 16748 16742 | 96.88 | NZ_CP065279.1 NODE_25_length_71990_cov_24.154665

CONTIG: NODE_26_length_70174_cov_25.436275 (70174bp)
Best alignment score: 36995.8 (LEN: 37890, IDY: 97.64), Total number of alignments: 9
			Looking for the best set of alignments (out of 9 total alignments)
			Skipping redundant alignments after choosing the best set of alignments
		Skipping redundant alignment 1684530 1684711 | 10747 10566 | 182 182 | 98.35 | NZ_CP065279.1 NODE_26_length_70174_cov_25.436275
		Skipping redundant alignment 2667372 2667625 | 11959 11706 | 254 254 | 98.03 | NZ_CP065279.1 NODE_26_length_70174_cov_25.436275
		Skipping redundant alignment 1677748 1677878 | 21740 21610 | 131 131 | 95.42 | NZ_CP065279.1 NODE_26_length_70174_cov_25.436275
		This contig has several significant sets of alignments. [An ambiguously mapped contig]
		Using only the very best set (option --ambiguity-usage is set to "one").
			The best set is below. Score: 38435.8, number of alignments: 6, unaligned bases: 30242
		This contig is misassembled.
		This contig is partially unaligned. (Aligned 39932 out of 70174 non-N bases (56.90%))
			Real Alignment 1: 1690558 1691114 | 6832 6279 | 557 554 | 99.1 | NZ_CP065279.1 NODE_26_length_70174_cov_25.436275
			  Gap between these two alignments (local misassembly). Inconsistency = 376
			Real Alignment 2: 1682834 1683086 | 14180 13928 | 253 253 | 97.63 | NZ_CP065279.1 NODE_26_length_70174_cov_25.436275
			  Gap between these two alignments (local misassembly). Inconsistency = -836
			Real Alignment 3: 1681357 1681462 | 16493 16388 | 106 106 | 96.23 | NZ_CP065279.1 NODE_26_length_70174_cov_25.436275
			  Gap between these two alignments (local misassembly). Inconsistency = 471
			Real Alignment 4: 1679833 1679987 | 17546 17392 | 155 155 | 98.06 | NZ_CP065279.1 NODE_26_length_70174_cov_25.436275
			  Extensive misassembly (relocation, inconsistency = 359283) between these two alignments
			Real Alignment 5: 1268943 1306823 | 69162 31273 | 37881 37890 | 97.64 | NZ_CP065279.1 NODE_26_length_70174_cov_25.436275
			  Extensive misassembly (relocation, inconsistency = 3187) between these two alignments
			Real Alignment 6: 1264744 1265717 | 70174 69201 | 974 974 | 98.77 | NZ_CP065279.1 NODE_26_length_70174_cov_25.436275
		Unaligned bases: 30242

CONTIG: NODE_27_length_68803_cov_25.672275 (68803bp)
Best alignment score: 24079.2 (LEN: 24806, IDY: 97.07), Total number of alignments: 4
			Looking for the best set of alignments (out of 4 total alignments)
			The best set is below. Score: 62444.4, number of alignments: 4, unaligned bases: 3779
		This contig is misassembled.
		This contig is partially unaligned. (Aligned 65024 out of 68803 non-N bases (94.51%))
			Real Alignment 1: 4708428 4733246 | 3089 27894 | 24819 24806 | 97.07 | NZ_CP065279.1 NODE_27_length_68803_cov_25.672275
			  Extensive misassembly (relocation, inconsistency = 37083) between these two alignments
			Excluding internal overlap of size 26 between Alignment 2 and 3: 4770854 4777590 | 28419 35155 | 6737 6737 --> 4770854 4777564 | 28419 35129 | 6711 6711
			Real Alignment 2: 4770854 4777564 | 28419 35129 | 6711 6711 | 97.73 | NZ_CP065279.1 NODE_27_length_68803_cov_25.672275
			  Extensive misassembly (relocation, inconsistency = 5221) between these two alignments
			Real Alignment 3: 4782786 4792213 | 35130 44558 | 9428 9429 | 97.77 | NZ_CP065279.1 NODE_27_length_68803_cov_25.672275
			  Extensive misassembly (relocation, inconsistency = 1746) between these two alignments
			Real Alignment 4: 4794031 4818085 | 44630 68707 | 24055 24078 | 96.98 | NZ_CP065279.1 NODE_27_length_68803_cov_25.672275
		Unaligned bases: 3779

CONTIG: NODE_28_length_65164_cov_25.024237 (65164bp)
Best alignment score: 63577.6 (LEN: 64415, IDY: 98.70), Total number of alignments: 2
			Looking for the best set of alignments (out of 2 total alignments)
		This contig has several significant sets of alignments. [An ambiguously mapped contig]
		Using only the very best set (option --ambiguity-usage is set to "one").
			The best set is below. Score: 63580.1, number of alignments: 2, unaligned bases: 490
		This contig is misassembled.
			Real Alignment 1: 4211762 4276106 | 123 64537 | 64345 64415 | 98.7 | NZ_CP065279.1 NODE_28_length_65164_cov_25.024237
			  Extensive misassembly (relocation, inconsistency = -2489198) between these two alignments
			Real Alignment 2: 1787277 1787535 | 64906 65164 | 259 259 | 97.68 | NZ_CP065279.1 NODE_28_length_65164_cov_25.024237

CONTIG: NODE_29_length_59642_cov_24.804864 (59642bp)
Best alignment score: 58484.0 (LEN: 59641, IDY: 98.06), Total number of alignments: 1
		One align captures most of this contig: 161832 221464 | 59642 2 | 59633 59641 | 98.06 | NZ_CP065279.1 NODE_29_length_59642_cov_24.804864

CONTIG: NODE_30_length_56982_cov_18.474975 (56982bp)
Best alignment score: 8140.5 (LEN: 8533, IDY: 95.40), Total number of alignments: 2
			Looking for the best set of alignments (out of 2 total alignments)
			The best set is below. Score: 11616.4, number of alignments: 2, unaligned bases: 44821
		This contig is misassembled.
		This contig is partially unaligned. (Aligned 12161 out of 56982 non-N bases (21.34%))
			Warning! This contig is more unaligned than misassembled. Contig length is 56982 (number of Ns: 0) and total length of all aligns is 12161
		Alignment: 2788155 2796582 | 52979 44447 | 8428 8533 | 95.4 | NZ_CP065279.1 NODE_30_length_56982_cov_18.474975
		Alignment: 2784431 2788066 | 56982 53355 | 3636 3628 | 96.47 | NZ_CP065279.1 NODE_30_length_56982_cov_18.474975
		Unaligned bases: 44821

CONTIG: NODE_31_length_49597_cov_25.348842 (49597bp)
Best alignment score: 13881.7 (LEN: 13988, IDY: 99.24), Total number of alignments: 3
			Looking for the best set of alignments (out of 3 total alignments)
			The best set is below. Score: 14300.3, number of alignments: 3, unaligned bases: 34640
		This contig is misassembled.
		This contig is partially unaligned. (Aligned 14957 out of 49597 non-N bases (30.16%))
			Warning! This contig is more unaligned than misassembled. Contig length is 49597 (number of Ns: 0) and total length of all aligns is 14957
		Alignment: 873011 887008 | 1 13988 | 13998 13988 | 99.24 | NZ_CP065279.1 NODE_31_length_49597_cov_25.348842
		Alignment: 895626 896133 | 13939 14446 | 508 508 | 98.82 | NZ_CP065279.1 NODE_31_length_49597_cov_25.348842
		Alignment: 916320 916830 | 49087 49597 | 511 511 | 96.09 | NZ_CP065279.1 NODE_31_length_49597_cov_25.348842
		Unaligned bases: 34640

CONTIG: NODE_32_length_46795_cov_22.810990 (46795bp)
		This contig is unaligned. (46795 bp)
		Unaligned bases: 46795 (number of Ns: 0)

CONTIG: NODE_33_length_46499_cov_19.457220 (46499bp)
Best alignment score: 41157.0 (LEN: 42347, IDY: 97.19), Total number of alignments: 2
			Looking for the best set of alignments (out of 2 total alignments)
			The best set is below. Score: 44950.4, number of alignments: 2, unaligned bases: 0
		This contig is misassembled.
			Excluding internal overlap of size 8 between Alignment 1 and 2: 2688948 2693118 | 42340 46499 | 4171 4160 --> 2688956 2693118 | 42348 46499 | 4163 4152
			Real Alignment 1: 2592201 2634530 | 1 42347 | 42330 42347 | 97.19 | NZ_CP065279.1 NODE_33_length_46499_cov_19.457220
			  Extensive misassembly (relocation, inconsistency = 54425) between these two alignments
			Real Alignment 2: 2688956 2693118 | 42348 46499 | 4163 4152 | 97.48 | NZ_CP065279.1 NODE_33_length_46499_cov_19.457220

CONTIG: NODE_34_length_45105_cov_20.234213 (45105bp)
Best alignment score: 26345.1 (LEN: 26935, IDY: 97.81), Total number of alignments: 3
			Looking for the best set of alignments (out of 3 total alignments)
			The best set is below. Score: 43162.3, number of alignments: 3, unaligned bases: 686
		This contig is misassembled.
		This contig is partially unaligned. (Aligned 44419 out of 45105 non-N bases (98.48%))
			Real Alignment 1: 2536884 2563818 | 3 26937 | 26935 26935 | 97.81 | NZ_CP065279.1 NODE_34_length_45105_cov_20.234213
			  Extensive misassembly (relocation, inconsistency = 9463) between these two alignments
			Real Alignment 2: 2573929 2584757 | 27585 38399 | 10829 10815 | 97.41 | NZ_CP065279.1 NODE_34_length_45105_cov_20.234213
			  Gap between these two alignments (local misassembly). Inconsistency = 746
			Real Alignment 3: 2585541 2592209 | 38437 45105 | 6669 6669 | 98.31 | NZ_CP065279.1 NODE_34_length_45105_cov_20.234213
		Unaligned bases: 686

CONTIG: NODE_35_length_39981_cov_25.738804 (39981bp)
Best alignment score: 35273.6 (LEN: 35401, IDY: 99.64), Total number of alignments: 2
			Looking for the best set of alignments (out of 2 total alignments)
			The best set is below. Score: 35694.6, number of alignments: 2, unaligned bases: 3887
		This contig is misassembled.
		This contig is partially unaligned. (Aligned 36094 out of 39981 non-N bases (90.28%))
			Real Alignment 1: 5314244 5314936 | 2636 3328 | 693 693 | 96.83 | NZ_CP065279.1 NODE_35_length_39981_cov_25.738804
			  Extensive misassembly (relocation, inconsistency = -1248) between these two alignments
			Real Alignment 2: 5314941 5350342 | 4581 39981 | 35402 35401 | 99.64 | NZ_CP065279.1 NODE_35_length_39981_cov_25.738804
		Unaligned bases: 3887

CONTIG: NODE_36_length_34438_cov_24.574012 (34438bp)
Best alignment score: 30264.2 (LEN: 31104, IDY: 97.30), Total number of alignments: 1
			Looking for the best set of alignments (out of 1 total alignments)
			The best set is below. Score: 30264.2, number of alignments: 1, unaligned bases: 3334
		This contig is partially unaligned. (Aligned 31104 out of 34438 non-N bases (90.32%))
		Alignment: 4899738 4930861 | 3335 34438 | 31124 31104 | 97.3 | NZ_CP065279.1 NODE_36_length_34438_cov_24.574012
		Unaligned bases: 1 to 3334 (3334)

CONTIG: NODE_37_length_32742_cov_21.214165 (32742bp)
Best alignment score: 30535.9 (LEN: 31503, IDY: 96.93), Total number of alignments: 2
			Looking for the best set of alignments (out of 2 total alignments)
			The best set is below. Score: 31299.9, number of alignments: 2, unaligned bases: 427
		This contig is misassembled.
			Real Alignment 1: 2481266 2512778 | 1 31503 | 31513 31503 | 96.93 | NZ_CP065279.1 NODE_37_length_32742_cov_21.214165
			  Gap between these two alignments (local misassembly). Inconsistency = 331
			Real Alignment 2: 2513444 2514256 | 31838 32649 | 813 812 | 97.05 | NZ_CP065279.1 NODE_37_length_32742_cov_21.214165

CONTIG: NODE_38_length_32341_cov_25.555611 (32341bp)
Best alignment score: 9868.9 (LEN: 10095, IDY: 97.76), Total number of alignments: 5
			Looking for the best set of alignments (out of 5 total alignments)
		This contig has several significant sets of alignments. [An ambiguously mapped contig]
		Using only the very best set (option --ambiguity-usage is set to "one").
			The best set is below. Score: 27218.6, number of alignments: 5, unaligned bases: 3966
		This contig is misassembled.
		This contig is partially unaligned. (Aligned 28375 out of 32341 non-N bases (87.74%))
			Real Alignment 1: 349203 359297 | 10525 431 | 10095 10095 | 97.76 | NZ_CP065279.1 NODE_38_length_32341_cov_25.555611
			  Extensive misassembly (relocation, inconsistency = 2131) between these two alignments
			Real Alignment 2: 346779 346921 | 10818 10676 | 143 143 | 99.3 | NZ_CP065279.1 NODE_38_length_32341_cov_25.555611
			  Gap between these two alignments (local misassembly). Inconsistency = -28
			Real Alignment 3: 336436 345737 | 21190 11888 | 9302 9303 | 97.42 | NZ_CP065279.1 NODE_38_length_32341_cov_25.555611
			  Extensive misassembly (relocation, inconsistency = 1219) between these two alignments
			Real Alignment 4: 326401 335164 | 30005 21243 | 8764 8763 | 97.84 | NZ_CP065279.1 NODE_38_length_32341_cov_25.555611
			  Gap between these two alignments (local misassembly). Inconsistency = -7
			Real Alignment 5: 324115 324185 | 32298 32228 | 71 71 | 100.0 | NZ_CP065279.1 NODE_38_length_32341_cov_25.555611
		Unaligned bases: 3966

CONTIG: NODE_39_length_28835_cov_25.379802 (28835bp)
Best alignment score: 19412.2 (LEN: 20179, IDY: 96.20), Total number of alignments: 4
			Looking for the best set of alignments (out of 4 total alignments)
			The best set is below. Score: 27324.7, number of alignments: 4, unaligned bases: 337
		This contig is misassembled.
			Real Alignment 1: 5049485 5049785 | 1 302 | 301 302 | 96.03 | NZ_CP065279.1 NODE_39_length_28835_cov_25.379802
			  Indel (> 5bp) between these two alignments: insertion of length 36; 0 mismatches (number of Ns: 0)
			Real Alignment 2: 5049786 5054185 | 339 4726 | 4400 4388 | 95.32 | NZ_CP065279.1 NODE_39_length_28835_cov_25.379802
			  Indel (> 5bp) between these two alignments: insertion of length 24; 0 mismatches (number of Ns: 0)
			Real Alignment 3: 5054186 5057815 | 4751 8379 | 3630 3629 | 95.45 | NZ_CP065279.1 NODE_39_length_28835_cov_25.379802
			  Gap between these two alignments (local misassembly). Inconsistency = -235
			Real Alignment 4: 5057858 5078105 | 8657 28835 | 20248 20179 | 96.2 | NZ_CP065279.1 NODE_39_length_28835_cov_25.379802

CONTIG: NODE_40_length_22819_cov_21.102377 (22819bp)
Best alignment score: 17418.3 (LEN: 18009, IDY: 96.72), Total number of alignments: 2
			Looking for the best set of alignments (out of 2 total alignments)
			The best set is below. Score: 19109.4, number of alignments: 2, unaligned bases: 3077
		This contig is misassembled.
		This contig is partially unaligned. (Aligned 19742 out of 22819 non-N bases (86.52%))
			Real Alignment 1: 2535164 2536896 | 1733 1 | 1733 1733 | 97.58 | NZ_CP065279.1 NODE_40_length_22819_cov_21.102377
			  Gap between these two alignments (local misassembly). Inconsistency = -22
			Real Alignment 2: 2514251 2532201 | 22726 4718 | 17951 18009 | 96.72 | NZ_CP065279.1 NODE_40_length_22819_cov_21.102377
		Unaligned bases: 3077

CONTIG: NODE_41_length_19429_cov_24.531609 (19429bp)
Best alignment score: 16900.7 (LEN: 17272, IDY: 97.85), Total number of alignments: 1
			Looking for the best set of alignments (out of 1 total alignments)
			The best set is below. Score: 16900.7, number of alignments: 1, unaligned bases: 2157
		This contig is partially unaligned. (Aligned 17272 out of 19429 non-N bases (88.90%))
		Alignment: 1760022 1777298 | 2059 19330 | 17277 17272 | 97.85 | NZ_CP065279.1 NODE_41_length_19429_cov_24.531609
		Unaligned bases: 1 to 2058 (2058)
		Unaligned bases: 19331 to 19429 (99)

CONTIG: NODE_42_length_19129_cov_24.948135 (19129bp)
Best alignment score: 18537.9 (LEN: 19129, IDY: 96.91), Total number of alignments: 1
		One align captures most of this contig: 5085304 5104429 | 19129 1 | 19126 19129 | 96.91 | NZ_CP065279.1 NODE_42_length_19129_cov_24.948135

CONTIG: NODE_43_length_16421_cov_58.742434 (16421bp)
		This contig is unaligned. (16421 bp)
		Unaligned bases: 16421 (number of Ns: 0)

CONTIG: NODE_44_length_14091_cov_24.546026 (14091bp)
Best alignment score: 8308.7 (LEN: 8673, IDY: 95.80), Total number of alignments: 2
			Looking for the best set of alignments (out of 2 total alignments)
			The best set is below. Score: 8473.4, number of alignments: 2, unaligned bases: 4988
		This contig is misassembled.
		This contig is partially unaligned. (Aligned 9103 out of 14091 non-N bases (64.60%))
			Real Alignment 1: 1800517 1800946 | 12 441 | 430 430 | 96.51 | NZ_CP065279.1 NODE_44_length_14091_cov_24.546026
			  Extensive misassembly (relocation, inconsistency = 1564431) between these two alignments
			Real Alignment 2: 224776 233555 | 11644 2972 | 8780 8673 | 95.8 | NZ_CP065279.1 NODE_44_length_14091_cov_24.546026
		Unaligned bases: 4988

CONTIG: NODE_45_length_13624_cov_60.190462 (13624bp)
		This contig is unaligned. (13624 bp)
		Unaligned bases: 13624 (number of Ns: 0)

CONTIG: NODE_46_length_10359_cov_23.423782 (10359bp)
Best alignment score: 10073.2 (LEN: 10261, IDY: 98.17), Total number of alignments: 1
		One align captures most of this contig: 1777294 1787535 | 99 10359 | 10242 10261 | 98.17 | NZ_CP065279.1 NODE_46_length_10359_cov_23.423782

CONTIG: NODE_47_length_8151_cov_22.900149 (8151bp)
Best alignment score: 3595.9 (LEN: 3784, IDY: 95.03), Total number of alignments: 1
			Looking for the best set of alignments (out of 1 total alignments)
			The best set is below. Score: 3595.9, number of alignments: 1, unaligned bases: 4367
		This contig is partially unaligned. (Aligned 3784 out of 8151 non-N bases (46.42%))
		Alignment: 1754048 1757851 | 3784 1 | 3804 3784 | 95.03 | NZ_CP065279.1 NODE_47_length_8151_cov_22.900149
		Unaligned bases: 3785 to 8151 (4367)

CONTIG: NODE_48_length_6442_cov_24.808608 (6442bp)
Best alignment score: 6335.0 (LEN: 6438, IDY: 98.40), Total number of alignments: 1
		One align captures most of this contig: 5078432 5084869 | 6442 5 | 6438 6438 | 98.4 | NZ_CP065279.1 NODE_48_length_6442_cov_24.808608

CONTIG: NODE_49_length_4938_cov_58.077702 (4938bp)
		This contig is unaligned. (4938 bp)
		Unaligned bases: 4938 (number of Ns: 0)

CONTIG: NODE_50_length_3714_cov_21.640941 (3714bp)
Best alignment score: 3636.0 (LEN: 3703, IDY: 98.19), Total number of alignments: 1
		One align captures most of this contig: 2380177 2383880 | 12 3714 | 3704 3703 | 98.19 | NZ_CP065279.1 NODE_50_length_3714_cov_21.640941

CONTIG: NODE_51_length_3196_cov_25.899580 (3196bp)
		This contig is unaligned. (3196 bp)
		Unaligned bases: 3196 (number of Ns: 0)

CONTIG: NODE_52_length_2644_cov_77.115914 (2644bp)
		This contig is unaligned. (2644 bp)
		Unaligned bases: 2644 (number of Ns: 0)

CONTIG: NODE_53_length_2216_cov_79.781767 (2216bp)
		This contig is unaligned. (2216 bp)
		Unaligned bases: 2216 (number of Ns: 0)

CONTIG: NODE_54_length_2167_cov_235.817698 (2167bp)
		This contig is unaligned. (2167 bp)
		Unaligned bases: 2167 (number of Ns: 0)

CONTIG: NODE_55_length_1942_cov_25.297884 (1942bp)
		This contig is unaligned. (1942 bp)
		Unaligned bases: 1942 (number of Ns: 0)

CONTIG: NODE_56_length_1866_cov_19.046972 (1866bp)
Best alignment score: 1824.9 (LEN: 1866, IDY: 97.80), Total number of alignments: 1
		One align captures most of this contig: 2383899 2385763 | 1866 1 | 1865 1866 | 97.8 | NZ_CP065279.1 NODE_56_length_1866_cov_19.046972

CONTIG: NODE_57_length_1733_cov_24.060588 (1733bp)
Best alignment score: 1683.1 (LEN: 1731, IDY: 97.23), Total number of alignments: 1
		One align captures most of this contig: 44472 46202 | 1 1731 | 1731 1731 | 97.23 | NZ_CP065279.1 NODE_57_length_1733_cov_24.060588

CONTIG: NODE_58_length_1506_cov_46.960910 (1506bp)
Best alignment score: 1499.1 (LEN: 1506, IDY: 99.54), Total number of alignments: 1
		One align captures most of this contig: 1787437 1788942 | 1 1506 | 1506 1506 | 99.54 | NZ_CP065279.1 NODE_58_length_1506_cov_46.960910

CONTIG: NODE_59_length_1184_cov_29.062673 (1184bp)
Best alignment score: 99.0 (LEN: 100, IDY: 99.00), Total number of alignments: 1
			Looking for the best set of alignments (out of 1 total alignments)
			The best set is below. Score: 99.0, number of alignments: 1, unaligned bases: 1084
		This contig is partially unaligned. (Aligned 100 out of 1184 non-N bases (8.45%))
		Alignment: 1211528 1211627 | 1 100 | 100 100 | 99.0 | NZ_CP065279.1 NODE_59_length_1184_cov_29.062673
		Unaligned bases: 101 to 1184 (1084)

CONTIG: NODE_60_length_1131_cov_36.424419 (1131bp)
		This contig is unaligned. (1131 bp)
		Unaligned bases: 1131 (number of Ns: 0)

CONTIG: NODE_61_length_748_cov_13.964561 (748bp)
Best alignment score: 736.0 (LEN: 748, IDY: 98.40), Total number of alignments: 1
		One align captures most of this contig: 3035361 3036108 | 748 1 | 748 748 | 98.4 | NZ_CP065279.1 NODE_61_length_748_cov_13.964561

CONTIG: NODE_62_length_693_cov_52.084175 (693bp)
		This contig is unaligned. (693 bp)
		Unaligned bases: 693 (number of Ns: 0)

CONTIG: NODE_63_length_611_cov_44.074219 (611bp)
		This contig is unaligned. (611 bp)
		Unaligned bases: 611 (number of Ns: 0)

CONTIG: NODE_64_length_594_cov_25.664646 (594bp)
		This contig is unaligned. (594 bp)
		Unaligned bases: 594 (number of Ns: 0)

CONTIG: NODE_65_length_521_cov_20.272512 (521bp)
Best alignment score: 190.0 (LEN: 191, IDY: 99.48), Total number of alignments: 3
			Looking for the best set of alignments (out of 3 total alignments)
			Skipping redundant alignments after choosing the best set of alignments
		Skipping redundant alignment 324115 324185 | 478 408 | 71 71 | 98.59 | NZ_CP065279.1 NODE_65_length_521_cov_20.272512
			The best set is below. Score: 364.0, number of alignments: 2, unaligned bases: 151
		This contig is misassembled.
			Real Alignment 1: 1788844 1789022 | 1 179 | 179 179 | 97.21 | NZ_CP065279.1 NODE_65_length_521_cov_20.272512
			  Indel (> 5bp) between these two alignments: insertion of length 99; 0 mismatches (number of Ns: 0)
			Real Alignment 2: 1789023 1789213 | 279 469 | 191 191 | 99.48 | NZ_CP065279.1 NODE_65_length_521_cov_20.272512

Analyzing coverage...
Writing SNPs into /home/buchananr/Desktop/pathogensurveillance/pathogen/work/0b/3e2312b133d7d46f46ea347a9de073/GCF_017189435_1/contigs_reports/minimap_output/SRR12574846_filtered.used_snps

Analysis is finished!
Founded SNPs were written into /home/buchananr/Desktop/pathogensurveillance/pathogen/work/0b/3e2312b133d7d46f46ea347a9de073/GCF_017189435_1/contigs_reports/minimap_output/SRR12574846_filtered.used_snps

Results:
	Local Misassemblies: 50
	Misassemblies: 75
		Relocations: 75
		Translocations: 0
		Inversions: 0
	Scaffold gap extensive misassemblies: 0
	Scaffold gap local misassemblies: 1
	Misassembled Contigs: 30
	Misassembled Contig Bases: 4157226
	Misassemblies Inter-Contig Overlap ("Extra" Aligned Bases): 0
Unaligned Contigs: 13 + 33 part
Half Unaligned Contigs with Misassemblies: 2
Unaligned Bases in Fully and Partially Unaligned Contigs: 504379

Ambiguously Mapped Contigs: 14
Total Bases in Ambiguously Mapped Contigs: 2366574
"Extra" Aligned Bases in Ambiguously Mapped Contigs: 0
Note that --allow-ambiguity option was set to "one" and only first alignment per each of these contigs was used (there is no "extra" aligned bases).

	Covered Bases in Reference: 4456486
	Raw Aligned Bases in Assembly: 4453607
	Total Aligned Bases in Assembly (with "Extras"): 4453607

	SNPs: 95940
	Insertions: 2926
	Deletions: 8011

