Aligning contigs to reference...
	Aligning contigs to the reference
Filtering alignments...
Parsing coords...
Loading reference...
	Loaded [NZ_CP065279.1]
	Total Regions: 1
	Total Region Length: 5377795
Analyzing contigs...
CONTIG: NODE_1_length_563112_cov_34.805569 (563112bp)
Best alignment score: 480317.3 (LEN: 481956, IDY: 99.66), Total number of alignments: 3
			Looking for the best set of alignments (out of 3 total alignments)
			The best set is below. Score: 558040.9, number of alignments: 3, unaligned bases: 2606
		This contig is misassembled.
		This contig is partially unaligned. (Aligned 560506 out of 563112 non-N bases (99.54%))
			Real Alignment 1: 4899738 4930850 | 31183 11 | 31113 31173 | 99.5 | NZ_CP065279.1 NODE_1_length_563112_cov_34.805569
			  Extensive misassembly (relocation, inconsistency = -2532) between these two alignments
			Real Alignment 2: 4852302 4899685 | 81144 33768 | 47384 47377 | 99.64 | NZ_CP065279.1 NODE_1_length_563112_cov_34.805569
			  Extensive misassembly (relocation, inconsistency = 3657) between these two alignments
			Real Alignment 3: 4366761 4848636 | 563108 81153 | 481876 481956 | 99.66 | NZ_CP065279.1 NODE_1_length_563112_cov_34.805569
		Unaligned bases: 2606

CONTIG: NODE_2_length_464079_cov_35.098465 (464079bp)
Best alignment score: 135855.0 (LEN: 136524, IDY: 99.51), Total number of alignments: 6
			Looking for the best set of alignments (out of 6 total alignments)
		This contig has several significant sets of alignments. [An ambiguously mapped contig]
		Using only the very best set (option --ambiguity-usage is set to "one").
			The best set is below. Score: 452999.8, number of alignments: 6, unaligned bases: 6979
		This contig is misassembled.
		This contig is partially unaligned. (Aligned 457100 out of 463981 non-N bases (98.52%))
			Real Alignment 1: 4276022 4366769 | 90941 1 | 90748 90941 | 99.33 | NZ_CP065279.1 NODE_2_length_464079_cov_35.098465
			  Extensive misassembly (relocation, inconsistency = 2482798) between these two alignments
			Real Alignment 2: 1787277 1789208 | 96888 94957 | 1932 1932 | 98.5 | NZ_CP065279.1 NODE_2_length_464079_cov_35.098465
			  Extensive misassembly (relocation, inconsistency = -2489198) between these two alignments
			Excluding internal overlap of size 17 between Alignment 3 and 4: 4180172 4276106 | 193205 97257 | 95935 95949 --> 4180189 4276106 | 193188 97257 | 95918 95932
			Real Alignment 3: 4180189 4276106 | 193188 97257 | 95918 95932 | 98.91 | NZ_CP065279.1 NODE_2_length_464079_cov_35.098465
			  Extensive misassembly (relocation, inconsistency = 50733) between these two alignments
			Real Alignment 4: 3992906 4129455 | 329712 193189 | 136550 136524 | 99.51 | NZ_CP065279.1 NODE_2_length_464079_cov_35.098465
			  Extensive misassembly (relocation, inconsistency = 1879) between these two alignments
			Real Alignment 5: 3887757 3991010 | 432992 329729 | 103254 103264 | 99.58 | NZ_CP065279.1 NODE_2_length_464079_cov_35.098465
			  Extensive misassembly (relocation, inconsistency = 27159) between these two alignments
			Real Alignment 6: 3829505 3858017 | 464079 435573 | 28513 28507 | 99.81 | NZ_CP065279.1 NODE_2_length_464079_cov_35.098465
		Unaligned bases: 6979

CONTIG: NODE_3_length_329776_cov_34.858792 (329776bp)
Best alignment score: 119679.2 (LEN: 120184, IDY: 99.58), Total number of alignments: 6
			Looking for the best set of alignments (out of 6 total alignments)
			The best set is below. Score: 282017.9, number of alignments: 6, unaligned bases: 45154
		This contig is misassembled.
		This contig is partially unaligned. (Aligned 284622 out of 329776 non-N bases (86.31%))
			Excluding internal overlap of size 36 between Alignment 1 and 2: 221015 233552 | 1 12535 | 12538 12535 --> 221015 233516 | 1 12499 | 12502 12499
			Real Alignment 1: 221015 233516 | 1 12499 | 12502 12499 | 99.32 | NZ_CP065279.1 NODE_3_length_329776_cov_34.858792
			  Extensive misassembly (relocation, inconsistency = 93031) between these two alignments
			Real Alignment 2: 326548 346921 | 12500 32872 | 20374 20373 | 99.55 | NZ_CP065279.1 NODE_3_length_329776_cov_34.858792
			  Extensive misassembly (relocation, inconsistency = -1217) between these two alignments
			Real Alignment 3: 349203 469370 | 36371 156554 | 120168 120184 | 99.58 | NZ_CP065279.1 NODE_3_length_329776_cov_34.858792
			  Extensive misassembly (relocation, inconsistency = -17604) between these two alignments
			Real Alignment 4: 470403 512146 | 175191 216933 | 41744 41743 | 99.4 | NZ_CP065279.1 NODE_3_length_329776_cov_34.858792
			  Extensive misassembly (relocation, inconsistency = 11704) between these two alignments
			Excluding internal overlap of size 40 between Alignment 5 and 6: 546871 567468 | 239954 260551 | 20598 20598 --> 546871 567428 | 239954 260511 | 20558 20558
			Real Alignment 5: 546871 567428 | 239954 260511 | 20558 20558 | 99.58 | NZ_CP065279.1 NODE_3_length_329776_cov_34.858792
			  Extensive misassembly (relocation, inconsistency = 40107) between these two alignments
			Real Alignment 6: 607536 676722 | 260512 329776 | 69187 69265 | 99.57 | NZ_CP065279.1 NODE_3_length_329776_cov_34.858792
		Unaligned bases: 45154

CONTIG: NODE_4_length_217299_cov_33.248600 (217299bp)
Best alignment score: 82161.2 (LEN: 82516, IDY: 99.57), Total number of alignments: 3
			Looking for the best set of alignments (out of 3 total alignments)
			The best set is below. Score: 142756.4, number of alignments: 3, unaligned bases: 73492
		This contig is misassembled.
		This contig is partially unaligned. (Aligned 143807 out of 217299 non-N bases (66.18%))
			Real Alignment 1: 2481302 2563818 | 1 82516 | 82517 82516 | 99.57 | NZ_CP065279.1 NODE_4_length_217299_cov_33.248600
			  Extensive misassembly (relocation, inconsistency = -73498) between these two alignments
			Real Alignment 2: 2563776 2584757 | 155972 176950 | 20982 20979 | 99.2 | NZ_CP065279.1 NODE_4_length_217299_cov_33.248600
			  Gap between these two alignments (local misassembly). Inconsistency = 746
			Real Alignment 3: 2585541 2625861 | 176988 217299 | 40321 40312 | 99.37 | NZ_CP065279.1 NODE_4_length_217299_cov_33.248600
		Unaligned bases: 73492

CONTIG: NODE_5_length_210078_cov_34.633120 (210078bp)
Best alignment score: 118148.9 (LEN: 118874, IDY: 99.39), Total number of alignments: 3
			Looking for the best set of alignments (out of 3 total alignments)
			The best set is below. Score: 151116.9, number of alignments: 3, unaligned bases: 57698
		This contig is misassembled.
		This contig is partially unaligned. (Aligned 152380 out of 210078 non-N bases (72.53%))
			Real Alignment 1: 983556 996824 | 1 13269 | 13269 13269 | 99.76 | NZ_CP065279.1 NODE_5_length_210078_cov_34.633120
			  Extensive misassembly (relocation, inconsistency = 31937) between these two alignments
			Real Alignment 2: 1028817 1147862 | 13325 132198 | 119046 118874 | 99.39 | NZ_CP065279.1 NODE_5_length_210078_cov_34.633120
			  Extensive misassembly (relocation, inconsistency = -57655) between these two alignments
			Real Alignment 3: 1147851 1168087 | 189842 210078 | 20237 20237 | 99.97 | NZ_CP065279.1 NODE_5_length_210078_cov_34.633120
		Unaligned bases: 57698

CONTIG: NODE_6_length_204806_cov_34.474791 (204806bp)
Best alignment score: 141259.5 (LEN: 142528, IDY: 99.11), Total number of alignments: 2
			Looking for the best set of alignments (out of 2 total alignments)
			The best set is below. Score: 201317.3, number of alignments: 2, unaligned bases: 752
		This contig is misassembled.
		This contig is partially unaligned. (Aligned 204054 out of 204806 non-N bases (99.63%))
			Real Alignment 1: 2892781 3035352 | 142532 5 | 142572 142528 | 99.11 | NZ_CP065279.1 NODE_6_length_204806_cov_34.474791
			  Extensive misassembly (relocation, inconsistency = 12006) between these two alignments
			Real Alignment 2: 2818637 2880124 | 204708 143183 | 61488 61526 | 98.02 | NZ_CP065279.1 NODE_6_length_204806_cov_34.474791
		Unaligned bases: 752

CONTIG: NODE_7_length_183035_cov_38.397112 (183035bp)
Best alignment score: 91695.7 (LEN: 92370, IDY: 99.27), Total number of alignments: 3
			Looking for the best set of alignments (out of 3 total alignments)
			The best set is below. Score: 177993.9, number of alignments: 3, unaligned bases: 3334
		This contig is misassembled.
		This contig is partially unaligned. (Aligned 179701 out of 183035 non-N bases (98.18%))
			Real Alignment 1: 3439310 3442932 | 1 3624 | 3623 3624 | 99.28 | NZ_CP065279.1 NODE_7_length_183035_cov_38.397112
			  Extensive misassembly (relocation, inconsistency = -3208) between these two alignments
			Excluding internal overlap of size 9 between Alignment 2 and 3: 3542819 3626563 | 99320 183035 | 83745 83716 --> 3542828 3626563 | 99329 183035 | 83736 83707
			Real Alignment 2: 3443059 3535285 | 6959 99328 | 92227 92370 | 99.27 | NZ_CP065279.1 NODE_7_length_183035_cov_38.397112
			  Extensive misassembly (relocation, inconsistency = 7542) between these two alignments
			Real Alignment 3: 3542828 3626563 | 99329 183035 | 83736 83707 | 99.4 | NZ_CP065279.1 NODE_7_length_183035_cov_38.397112
		Unaligned bases: 3334

CONTIG: NODE_8_length_178982_cov_34.363752 (178982bp)
Best alignment score: 49064.6 (LEN: 49326, IDY: 99.47), Total number of alignments: 6
			Looking for the best set of alignments (out of 6 total alignments)
			Skipping redundant alignments after choosing the best set of alignments
		Skipping redundant alignment 4138485 4138660 | 166879 166704 | 176 176 | 95.45 | NZ_CP065279.1 NODE_8_length_178982_cov_34.363752
		This contig has several significant sets of alignments. [An ambiguously mapped contig]
		Using only the very best set (option --ambiguity-usage is set to "one").
			The best set is below. Score: 118828.1, number of alignments: 5, unaligned bases: 58593
		This contig is misassembled.
		This contig is partially unaligned. (Aligned 120389 out of 178982 non-N bases (67.26%))
			Real Alignment 1: 2027456 2076767 | 49326 1 | 49312 49326 | 99.47 | NZ_CP065279.1 NODE_8_length_178982_cov_34.363752
			  Gap between these two alignments (local misassembly). Inconsistency = -17
			Real Alignment 2: 2005601 2026238 | 71203 50561 | 20638 20643 | 99.25 | NZ_CP065279.1 NODE_8_length_178982_cov_34.363752
			  Extensive misassembly (relocation, inconsistency = 1612) between these two alignments
			Real Alignment 3: 1969599 2003980 | 105579 71212 | 34382 34368 | 98.98 | NZ_CP065279.1 NODE_8_length_178982_cov_34.363752
			  Gap between these two alignments (local misassembly). Inconsistency = 281
			Real Alignment 4: 1968212 1969317 | 106689 105580 | 1106 1110 | 96.13 | NZ_CP065279.1 NODE_8_length_178982_cov_34.363752
			  Extensive misassembly (relocation, inconsistency = 16140) between these two alignments
			Real Alignment 5: 1933614 1948552 | 125150 110209 | 14939 14942 | 98.48 | NZ_CP065279.1 NODE_8_length_178982_cov_34.363752
		Unaligned bases: 58593

CONTIG: NODE_9_length_165067_cov_34.933175 (165067bp)
Best alignment score: 129544.6 (LEN: 130091, IDY: 99.58), Total number of alignments: 2
			Looking for the best set of alignments (out of 2 total alignments)
			The best set is below. Score: 158866.6, number of alignments: 2, unaligned bases: 5295
		This contig is misassembled.
		This contig is partially unaligned. (Aligned 159772 out of 165067 non-N bases (96.79%))
			Excluding internal overlap of size 40 between Alignment 1 and 2: 1757398 1787099 | 165067 135347 | 29702 29721 --> 1757398 1787059 | 165067 135387 | 29662 29681
			Real Alignment 1: 1803535 1933654 | 135386 5296 | 130120 130091 | 99.58 | NZ_CP065279.1 NODE_9_length_165067_cov_34.933175
			  Extensive misassembly (relocation, inconsistency = 16475) between these two alignments
			Real Alignment 2: 1757398 1787059 | 165067 135387 | 29662 29681 | 99.7 | NZ_CP065279.1 NODE_9_length_165067_cov_34.933175
		Unaligned bases: 5295

CONTIG: NODE_10_length_163772_cov_34.278934 (163772bp)
Best alignment score: 119140.2 (LEN: 119787, IDY: 99.46), Total number of alignments: 3
			Looking for the best set of alignments (out of 3 total alignments)
			The best set is below. Score: 153807.6, number of alignments: 3, unaligned bases: 8501
		This contig is misassembled.
		This contig is partially unaligned. (Aligned 155271 out of 163772 non-N bases (94.81%))
			Real Alignment 1: 3036090 3155834 | 1 119787 | 119745 119787 | 99.46 | NZ_CP065279.1 NODE_10_length_163772_cov_34.278934
			  Extensive misassembly (relocation, inconsistency = -1606) between these two alignments
			Real Alignment 2: 3162198 3187267 | 127757 152826 | 25070 25070 | 98.97 | NZ_CP065279.1 NODE_10_length_163772_cov_34.278934
			  Extensive misassembly (relocation, inconsistency = 8756) between these two alignments
			Real Alignment 3: 3196491 3206902 | 153294 163707 | 10412 10414 | 99.44 | NZ_CP065279.1 NODE_10_length_163772_cov_34.278934
		Unaligned bases: 8501

CONTIG: NODE_11_length_158784_cov_35.609736 (158784bp)
Best alignment score: 121905.8 (LEN: 122691, IDY: 99.36), Total number of alignments: 2
			Looking for the best set of alignments (out of 2 total alignments)
			The best set is below. Score: 157611.7, number of alignments: 2, unaligned bases: 0
		This contig is misassembled.
			Excluding internal overlap of size 7 between Alignment 1 and 2: 5314243 5350342 | 36100 1 | 36100 36100 --> 5314250 5350342 | 36093 1 | 36093 36093
			Real Alignment 1: 5314250 5350342 | 36093 1 | 36093 36093 | 99.63 | NZ_CP065279.1 NODE_11_length_158784_cov_35.609736
			  Extensive misassembly (relocation, inconsistency = 83014) between these two alignments
			Real Alignment 2: 5108373 5231235 | 158784 36094 | 122863 122691 | 99.36 | NZ_CP065279.1 NODE_11_length_158784_cov_35.609736

CONTIG: NODE_12_length_150142_cov_34.924688 (150142bp)
Best alignment score: 144011.0 (LEN: 144691, IDY: 99.53), Total number of alignments: 1
			Looking for the best set of alignments (out of 1 total alignments)
			The best set is below. Score: 144011.0, number of alignments: 1, unaligned bases: 5451
		This contig is partially unaligned. (Aligned 144691 out of 150142 non-N bases (96.37%))
		Alignment: 2235417 2380180 | 144691 1 | 144764 144691 | 99.53 | NZ_CP065279.1 NODE_12_length_150142_cov_34.924688
		Unaligned bases: 144692 to 150142 (5451)

CONTIG: NODE_13_length_147209_cov_35.632017 (147209bp)
Best alignment score: 146723.2 (LEN: 147209, IDY: 99.67), Total number of alignments: 1
		One align captures most of this contig: 4930848 5078057 | 147209 1 | 147210 147209 | 99.67 | NZ_CP065279.1 NODE_13_length_147209_cov_35.632017

CONTIG: NODE_14_length_143110_cov_35.487816 (143110bp)
Best alignment score: 113201.2 (LEN: 113576, IDY: 99.67), Total number of alignments: 2
			Looking for the best set of alignments (out of 2 total alignments)
			The best set is below. Score: 142082.0, number of alignments: 2, unaligned bases: 268
		This contig is misassembled.
			Excluding internal overlap of size 48 between Alignment 1 and 2: 1727924 1757241 | 29321 8 | 29318 29314 --> 1727972 1757241 | 29273 8 | 29270 29266
			Real Alignment 1: 1727972 1757241 | 29273 8 | 29270 29266 | 99.62 | NZ_CP065279.1 NODE_14_length_143110_cov_35.487816
			  Extensive misassembly (relocation, inconsistency = 62255) between these two alignments
			Real Alignment 2: 1552140 1665716 | 142849 29274 | 113577 113576 | 99.67 | NZ_CP065279.1 NODE_14_length_143110_cov_35.487816

CONTIG: NODE_15_length_121676_cov_35.639759 (121676bp)
Best alignment score: 66215.1 (LEN: 66461, IDY: 99.63), Total number of alignments: 2
			Looking for the best set of alignments (out of 2 total alignments)
			The best set is below. Score: 113933.7, number of alignments: 2, unaligned bases: 6986
		This contig is misassembled.
		This contig is partially unaligned. (Aligned 114690 out of 121676 non-N bases (94.26%))
			Real Alignment 1: 95425 161845 | 66461 1 | 66421 66461 | 99.63 | NZ_CP065279.1 NODE_15_length_121676_cov_35.639759
			  Extensive misassembly (relocation, inconsistency = -6120) between these two alignments
			Real Alignment 2: 46314 94558 | 121676 73448 | 48245 48229 | 99.46 | NZ_CP065279.1 NODE_15_length_121676_cov_35.639759
		Unaligned bases: 6986

CONTIG: NODE_16_length_117803_cov_34.031987 (117803bp)
Best alignment score: 117155.1 (LEN: 117803, IDY: 99.45), Total number of alignments: 1
		One align captures most of this contig: 3321190 3438929 | 117803 1 | 117740 117803 | 99.45 | NZ_CP065279.1 NODE_16_length_117803_cov_34.031987

CONTIG: NODE_17_length_114574_cov_34.699201 (114574bp)
Best alignment score: 94845.3 (LEN: 95389, IDY: 99.43), Total number of alignments: 3
			Looking for the best set of alignments (out of 3 total alignments)
		This contig has several significant sets of alignments. [An ambiguously mapped contig]
		Using only the very best set (option --ambiguity-usage is set to "one").
			The best set is below. Score: 110042.6, number of alignments: 3, unaligned bases: 3866
		This contig is misassembled.
		This contig is partially unaligned. (Aligned 110708 out of 114574 non-N bases (96.63%))
			Real Alignment 1: 1405595 1420789 | 15196 1 | 15195 15196 | 99.39 | NZ_CP065279.1 NODE_17_length_114574_cov_34.699201
			  Gap between these two alignments (local misassembly). Inconsistency = -281
			Real Alignment 2: 1403073 1403195 | 17999 17877 | 123 123 | 95.93 | NZ_CP065279.1 NODE_17_length_114574_cov_34.699201
			  Gap between these two alignments (local misassembly). Inconsistency = -3
			Real Alignment 3: 1306781 1402224 | 114239 18851 | 95444 95389 | 99.43 | NZ_CP065279.1 NODE_17_length_114574_cov_34.699201
		Unaligned bases: 3866

CONTIG: NODE_18_length_109517_cov_35.579283 (109517bp)
Best alignment score: 109024.2 (LEN: 109517, IDY: 99.55), Total number of alignments: 1
		One align captures most of this contig: 677103 786646 | 109517 1 | 109544 109517 | 99.55 | NZ_CP065279.1 NODE_18_length_109517_cov_35.579283

CONTIG: NODE_19_length_104561_cov_35.223890 (104561bp)
Best alignment score: 26768.7 (LEN: 26887, IDY: 99.56), Total number of alignments: 4
			Looking for the best set of alignments (out of 4 total alignments)
			The best set is below. Score: 75303.2, number of alignments: 4, unaligned bases: 27986
		This contig is misassembled.
		This contig is partially unaligned. (Aligned 76575 out of 104467 non-N bases (73.30%))
			Real Alignment 1: 1168042 1193974 | 1 25933 | 25933 25933 | 99.79 | NZ_CP065279.1 NODE_19_length_104561_cov_35.223890
			  Extensive misassembly (relocation, inconsistency = 1014) between these two alignments
			Real Alignment 2: 1195177 1211627 | 26122 42728 | 16451 16607 | 98.66 | NZ_CP065279.1 NODE_19_length_104561_cov_35.223890
			  Extensive misassembly (relocation, inconsistency = -1150) between these two alignments
			Real Alignment 3: 1211055 1218234 | 43306 50453 | 7180 7148 | 98.23 | NZ_CP065279.1 NODE_19_length_104561_cov_35.223890
			  Extensive misassembly (relocation, inconsistency = -7600) between these two alignments
			Real Alignment 4: 1237856 1264741 | 77675 104561 | 26886 26887 | 99.56 | NZ_CP065279.1 NODE_19_length_104561_cov_35.223890
		Unaligned bases: 27986

CONTIG: NODE_20_length_101034_cov_55.412781 (101034bp)
Best alignment score: 32699.0 (LEN: 33133, IDY: 98.69), Total number of alignments: 5
			Looking for the best set of alignments (out of 5 total alignments)
		This contig has several significant sets of alignments. [An ambiguously mapped contig]
		Using only the very best set (option --ambiguity-usage is set to "one").
			The best set is below. Score: 84973.8, number of alignments: 5, unaligned bases: 14544
		This contig is misassembled.
		This contig is partially unaligned. (Aligned 86490 out of 101034 non-N bases (85.60%))
			Excluding internal overlap of size 25 between Alignment 1 and 2: 3773302 3785890 | 12589 1 | 12589 12589 --> 3773327 3785890 | 12564 1 | 12564 12564
			Real Alignment 1: 3773327 3785890 | 12564 1 | 12564 12564 | 99.8 | NZ_CP065279.1 NODE_20_length_101034_cov_55.412781
			  Extensive misassembly (relocation, inconsistency = 6587) between these two alignments
			Excluding internal overlap of size 26 between Alignment 2 and 3: 3745145 3766739 | 34147 12565 | 21595 21583 --> 3745171 3766739 | 34121 12565 | 21569 21557
			Real Alignment 2: 3745171 3766739 | 34121 12565 | 21569 21557 | 99.4 | NZ_CP065279.1 NODE_20_length_101034_cov_55.412781
			  Extensive misassembly (relocation, inconsistency = 66337) between these two alignments
			Real Alignment 3: 3645709 3678833 | 67254 34122 | 33125 33133 | 98.69 | NZ_CP065279.1 NODE_20_length_101034_cov_55.412781
			  Extensive misassembly (relocation, inconsistency = -14284) between these two alignments
			Real Alignment 4: 3646003 3646291 | 81244 80956 | 289 289 | 98.27 | NZ_CP065279.1 NODE_20_length_101034_cov_55.412781
			  Gap between these two alignments (local misassembly). Inconsistency = -305
			Real Alignment 5: 3626518 3645464 | 101034 82088 | 18947 18947 | 99.35 | NZ_CP065279.1 NODE_20_length_101034_cov_55.412781
		Unaligned bases: 14544

CONTIG: NODE_21_length_89398_cov_34.119475 (89398bp)
Best alignment score: 43611.0 (LEN: 43751, IDY: 99.68), Total number of alignments: 2
			Looking for the best set of alignments (out of 2 total alignments)
			The best set is below. Score: 86929.0, number of alignments: 2, unaligned bases: 1816
		This contig is misassembled.
		This contig is partially unaligned. (Aligned 87582 out of 89398 non-N bases (97.97%))
			Real Alignment 1: 3233689 3277428 | 25 43775 | 43740 43751 | 99.68 | NZ_CP065279.1 NODE_21_length_89398_cov_34.119475
			  Extensive misassembly (relocation, inconsistency = -1895) between these two alignments
			Real Alignment 2: 3277326 3321200 | 45568 89398 | 43875 43831 | 99.4 | NZ_CP065279.1 NODE_21_length_89398_cov_34.119475
		Unaligned bases: 1816

CONTIG: NODE_22_length_87727_cov_34.224266 (87727bp)
Best alignment score: 65279.5 (LEN: 65700, IDY: 99.36), Total number of alignments: 2
			Looking for the best set of alignments (out of 2 total alignments)
			The best set is below. Score: 87206.6, number of alignments: 2, unaligned bases: 0
		This contig is misassembled.
			Excluding internal overlap of size 2 between Alignment 1 and 2: 1420872 1442902 | 1 22029 | 22031 22029 --> 1420872 1442900 | 1 22027 | 22029 22027
			Real Alignment 1: 1420872 1442900 | 1 22027 | 22029 22027 | 99.66 | NZ_CP065279.1 NODE_22_length_87727_cov_34.224266
			  Gap between these two alignments (local misassembly). Inconsistency = 210
			Real Alignment 2: 1443111 1508812 | 22028 87727 | 65702 65700 | 99.36 | NZ_CP065279.1 NODE_22_length_87727_cov_34.224266

CONTIG: NODE_23_length_85970_cov_34.455229 (85970bp)
Best alignment score: 39592.0 (LEN: 39855, IDY: 99.34), Total number of alignments: 3
			Looking for the best set of alignments (out of 3 total alignments)
			The best set is below. Score: 83113.4, number of alignments: 3, unaligned bases: 1931
		This contig is misassembled.
		This contig is partially unaligned. (Aligned 84039 out of 85970 non-N bases (97.75%))
			Real Alignment 1: 944613 964339 | 19730 5 | 19727 19726 | 99.61 | NZ_CP065279.1 NODE_23_length_85970_cov_34.455229
			  Extensive misassembly (relocation, inconsistency = 3931) between these two alignments
			Real Alignment 2: 900799 940669 | 59597 19743 | 39871 39855 | 99.34 | NZ_CP065279.1 NODE_23_length_85970_cov_34.455229
			  Extensive misassembly (relocation, inconsistency = 1543) between these two alignments
			Real Alignment 3: 872906 897340 | 85970 61513 | 24435 24458 | 99.65 | NZ_CP065279.1 NODE_23_length_85970_cov_34.455229
		Unaligned bases: 1931

CONTIG: NODE_24_length_85850_cov_35.366795 (85850bp)
Best alignment score: 85274.8 (LEN: 85850, IDY: 99.33), Total number of alignments: 1
		One align captures most of this contig: 787005 872857 | 85850 1 | 85853 85850 | 99.33 | NZ_CP065279.1 NODE_24_length_85850_cov_35.366795

CONTIG: NODE_25_length_85160_cov_34.820564 (85160bp)
Best alignment score: 27349.4 (LEN: 27440, IDY: 99.67), Total number of alignments: 6
			Looking for the best set of alignments (out of 6 total alignments)
			Skipping redundant alignments after choosing the best set of alignments
		Skipping redundant alignment 3829505 3829603 | 85160 85062 | 99 99 | 100.0 | NZ_CP065279.1 NODE_25_length_85160_cov_34.820564
		This contig has several significant sets of alignments. [An ambiguously mapped contig]
		Using only the very best set (option --ambiguity-usage is set to "one").
			The best set is below. Score: 62110.1, number of alignments: 5, unaligned bases: 22682
		This contig is misassembled.
		This contig is partially unaligned. (Aligned 62478 out of 85160 non-N bases (73.37%))
			Real Alignment 1: 5350357 5377795 | 14 27453 | 27439 27440 | 99.67 | NZ_CP065279.1 NODE_25_length_85160_cov_34.820564
			  Not a misassembly [linear representation of circular genome] between these two alignments
			Real Alignment 2: 1 8371 | 27454 35824 | 8371 8371 | 99.34 | NZ_CP065279.1 NODE_25_length_85160_cov_34.820564
			  Gap between these two alignments (local misassembly). Inconsistency = -18
			Real Alignment 3: 10368 11193 | 37839 38663 | 826 825 | 96.86 | NZ_CP065279.1 NODE_25_length_85160_cov_34.820564
			  Gap between these two alignments (local misassembly). Inconsistency = 29
			Real Alignment 4: 12563 15130 | 40004 42571 | 2568 2568 | 99.61 | NZ_CP065279.1 NODE_25_length_85160_cov_34.820564
			  Gap between these two alignments (local misassembly). Inconsistency = -166
			Real Alignment 5: 16662 40001 | 44269 67542 | 23340 23274 | 99.2 | NZ_CP065279.1 NODE_25_length_85160_cov_34.820564
		Unaligned bases: 22682

CONTIG: NODE_26_length_81457_cov_34.896507 (81457bp)
Best alignment score: 77295.6 (LEN: 77645, IDY: 99.55), Total number of alignments: 1
			Looking for the best set of alignments (out of 1 total alignments)
			The best set is below. Score: 77295.6, number of alignments: 1, unaligned bases: 3812
		This contig is partially unaligned. (Aligned 77645 out of 81457 non-N bases (95.32%))
		Alignment: 2096391 2174020 | 81457 3813 | 77630 77645 | 99.55 | NZ_CP065279.1 NODE_26_length_81457_cov_34.896507
		Unaligned bases: 1 to 3812 (3812)

CONTIG: NODE_27_length_75916_cov_34.168524 (75916bp)
Best alignment score: 75597.2 (LEN: 75916, IDY: 99.58), Total number of alignments: 1
		One align captures most of this contig: 2708361 2784277 | 75916 1 | 75917 75916 | 99.58 | NZ_CP065279.1 NODE_27_length_75916_cov_34.168524

CONTIG: NODE_28_length_58679_cov_34.790236 (58679bp)
Best alignment score: 58444.3 (LEN: 58679, IDY: 99.60), Total number of alignments: 1
		One align captures most of this contig: 161832 220517 | 58679 1 | 58686 58679 | 99.6 | NZ_CP065279.1 NODE_28_length_58679_cov_34.790236

CONTIG: NODE_29_length_52578_cov_35.317708 (52578bp)
Best alignment score: 52472.8 (LEN: 52578, IDY: 99.80), Total number of alignments: 1
		One align captures most of this contig: 2386194 2438740 | 1 52578 | 52547 52578 | 99.8 | NZ_CP065279.1 NODE_29_length_52578_cov_35.317708

CONTIG: NODE_30_length_48664_cov_34.630804 (48664bp)
Best alignment score: 33451.3 (LEN: 34016, IDY: 98.34), Total number of alignments: 3
			Looking for the best set of alignments (out of 3 total alignments)
			The best set is below. Score: 37668.3, number of alignments: 3, unaligned bases: 9829
		This contig is misassembled.
		This contig is partially unaligned. (Aligned 38835 out of 48664 non-N bases (79.80%))
			Real Alignment 1: 1264693 1265717 | 1 1024 | 1025 1024 | 98.15 | NZ_CP065279.1 NODE_30_length_48664_cov_34.630804
			  Extensive misassembly (relocation, inconsistency = 3187) between these two alignments
			Real Alignment 2: 1268943 1272737 | 1063 4857 | 3795 3795 | 97.81 | NZ_CP065279.1 NODE_30_length_48664_cov_34.630804
			  Extensive misassembly (relocation, inconsistency = -3821) between these two alignments
			Real Alignment 3: 1272829 1306823 | 8770 42785 | 33995 34016 | 98.34 | NZ_CP065279.1 NODE_30_length_48664_cov_34.630804
		Unaligned bases: 9829

CONTIG: NODE_31_length_47421_cov_34.708592 (47421bp)
Best alignment score: 40342.5 (LEN: 40533, IDY: 99.53), Total number of alignments: 1
			Looking for the best set of alignments (out of 1 total alignments)
			The best set is below. Score: 40342.5, number of alignments: 1, unaligned bases: 6888
		This contig is partially unaligned. (Aligned 40533 out of 47421 non-N bases (85.47%))
		Alignment: 1508797 1549341 | 47421 6889 | 40545 40533 | 99.53 | NZ_CP065279.1 NODE_31_length_47421_cov_34.708592
		Unaligned bases: 1 to 6888 (6888)

CONTIG: NODE_32_length_42936_cov_32.936924 (42936bp)
Best alignment score: 15823.8 (LEN: 16016, IDY: 98.80), Total number of alignments: 4
			Looking for the best set of alignments (out of 4 total alignments)
		This contig has several significant sets of alignments. [An ambiguously mapped contig]
		Using only the very best set (option --ambiguity-usage is set to "one").
			The best set is below. Score: 22790.8, number of alignments: 4, unaligned bases: 19138
		This contig is misassembled.
		This contig is partially unaligned. (Aligned 23798 out of 42936 non-N bases (55.43%))
			Real Alignment 1: 2811715 2818639 | 7022 100 | 6925 6923 | 99.22 | NZ_CP065279.1 NODE_32_length_42936_cov_32.936924
			  Extensive misassembly (relocation, inconsistency = -9734) between these two alignments
			Real Alignment 2: 2811441 2811720 | 17029 16751 | 280 279 | 98.93 | NZ_CP065279.1 NODE_32_length_42936_cov_32.936924
			  Extensive misassembly (relocation, inconsistency = -9074) between these two alignments
			Real Alignment 3: 2810863 2811441 | 26682 26103 | 579 580 | 98.62 | NZ_CP065279.1 NODE_32_length_42936_cov_32.936924
			  Extensive misassembly (relocation, inconsistency = 10280) between these two alignments
			Real Alignment 4: 2784326 2800344 | 42936 26921 | 16019 16016 | 98.8 | NZ_CP065279.1 NODE_32_length_42936_cov_32.936924
		Unaligned bases: 19138

CONTIG: NODE_33_length_42620_cov_34.321394 (42620bp)
Best alignment score: 42487.9 (LEN: 42620, IDY: 99.69), Total number of alignments: 1
		One align captures most of this contig: 2438732 2481350 | 42620 1 | 42619 42620 | 99.69 | NZ_CP065279.1 NODE_33_length_42620_cov_34.321394

CONTIG: NODE_34_length_39029_cov_34.167120 (39029bp)
Best alignment score: 38837.8 (LEN: 39029, IDY: 99.51), Total number of alignments: 1
		One align captures most of this contig: 3785907 3824933 | 1 39029 | 39027 39029 | 99.51 | NZ_CP065279.1 NODE_34_length_39029_cov_34.167120

CONTIG: NODE_35_length_31512_cov_143.560373 (31512bp)
		This contig is unaligned. (31512 bp)
		Unaligned bases: 31512 (number of Ns: 0)

CONTIG: NODE_36_length_30204_cov_34.657466 (30204bp)
Best alignment score: 9782.5 (LEN: 9809, IDY: 99.73), Total number of alignments: 2
			Looking for the best set of alignments (out of 2 total alignments)
			The best set is below. Score: 18870.1, number of alignments: 2, unaligned bases: 10966
		This contig is misassembled.
		This contig is partially unaligned. (Aligned 19238 out of 30204 non-N bases (63.69%))
			Real Alignment 1: 964334 974142 | 1 9809 | 9809 9809 | 99.73 | NZ_CP065279.1 NODE_36_length_30204_cov_34.657466
			  Extensive misassembly (relocation, inconsistency = -10976) between these two alignments
			Real Alignment 2: 974133 983528 | 20776 30204 | 9396 9429 | 99.03 | NZ_CP065279.1 NODE_36_length_30204_cov_34.657466
		Unaligned bases: 10966

CONTIG: NODE_37_length_19078_cov_35.471363 (19078bp)
Best alignment score: 18994.1 (LEN: 19078, IDY: 99.56), Total number of alignments: 1
		One align captures most of this contig: 5085304 5104381 | 1 19078 | 19078 19078 | 99.56 | NZ_CP065279.1 NODE_37_length_19078_cov_35.471363

CONTIG: NODE_38_length_18961_cov_35.798219 (18961bp)
Best alignment score: 15178.4 (LEN: 15218, IDY: 99.74), Total number of alignments: 2
			Looking for the best set of alignments (out of 2 total alignments)
			The best set is below. Score: 18646.0, number of alignments: 2, unaligned bases: 0
		This contig is misassembled.
			Excluding internal overlap of size 9 between Alignment 1 and 2: 3229931 3233682 | 3752 1 | 3752 3752 --> 3229940 3233682 | 3743 1 | 3743 3743
			Real Alignment 1: 3229940 3233682 | 3743 1 | 3743 3743 | 99.44 | NZ_CP065279.1 NODE_38_length_18961_cov_35.798219
			  Extensive misassembly (relocation, inconsistency = 3682) between these two alignments
			Real Alignment 2: 3211040 3226257 | 18961 3744 | 15218 15218 | 99.74 | NZ_CP065279.1 NODE_38_length_18961_cov_35.798219

CONTIG: NODE_39_length_18929_cov_32.790335 (18929bp)
Best alignment score: 18645.7 (LEN: 18897, IDY: 98.67), Total number of alignments: 1
		One align captures most of this contig: 2077234 2096321 | 18897 1 | 19088 18897 | 98.67 | NZ_CP065279.1 NODE_39_length_18929_cov_32.790335

CONTIG: NODE_40_length_18262_cov_34.947531 (18262bp)
Best alignment score: 4005.2 (LEN: 4044, IDY: 99.04), Total number of alignments: 1
			Looking for the best set of alignments (out of 1 total alignments)
			The best set is below. Score: 4005.2, number of alignments: 1, unaligned bases: 14218
		This contig is partially unaligned. (Aligned 4044 out of 18262 non-N bases (22.14%))
		Alignment: 39996 44040 | 4045 2 | 4045 4044 | 99.04 | NZ_CP065279.1 NODE_40_length_18262_cov_34.947531
		Unaligned bases: 1 to 1 (1)
		Unaligned bases: 4046 to 18262 (14217)

CONTIG: NODE_41_length_15182_cov_34.026387 (15182bp)
Best alignment score: 15116.7 (LEN: 15182, IDY: 99.57), Total number of alignments: 1
		One align captures most of this contig: 2693109 2708291 | 1 15182 | 15183 15182 | 99.57 | NZ_CP065279.1 NODE_41_length_15182_cov_34.026387

CONTIG: NODE_42_length_12842_cov_33.788511 (12842bp)
Best alignment score: 8634.4 (LEN: 8663, IDY: 99.67), Total number of alignments: 2
			Looking for the best set of alignments (out of 2 total alignments)
			The best set is below. Score: 12527.6, number of alignments: 2, unaligned bases: 0
		This contig is misassembled.
			Excluding internal overlap of size 8 between Alignment 1 and 2: 2688948 2693117 | 4187 1 | 4170 4187 --> 2688956 2693117 | 4179 1 | 4162 4179
			Real Alignment 1: 2688956 2693117 | 4179 1 | 4162 4179 | 99.24 | NZ_CP065279.1 NODE_42_length_12842_cov_33.788511
			  Extensive misassembly (relocation, inconsistency = 54425) between these two alignments
			Real Alignment 2: 2625865 2634530 | 12842 4180 | 8666 8663 | 99.67 | NZ_CP065279.1 NODE_42_length_12842_cov_33.788511

CONTIG: NODE_43_length_12567_cov_35.505290 (12567bp)
		This contig is unaligned. (12567 bp)
		Unaligned bases: 12567 (number of Ns: 0)

CONTIG: NODE_44_length_6695_cov_34.182686 (6695bp)
Best alignment score: 6676.9 (LEN: 6695, IDY: 99.73), Total number of alignments: 1
		One align captures most of this contig: 5078179 5084873 | 1 6695 | 6695 6695 | 99.73 | NZ_CP065279.1 NODE_44_length_6695_cov_34.182686

CONTIG: NODE_45_length_4691_cov_73.519817 (4691bp)
Best alignment score: 4580.8 (LEN: 4691, IDY: 97.65), Total number of alignments: 1
		One align captures most of this contig: 3824835 3829603 | 4691 1 | 4769 4691 | 97.65 | NZ_CP065279.1 NODE_45_length_4691_cov_73.519817

CONTIG: NODE_46_length_3718_cov_33.179055 (3718bp)
Best alignment score: 3715.0 (LEN: 3718, IDY: 99.92), Total number of alignments: 1
		One align captures most of this contig: 2380163 2383880 | 3718 1 | 3718 3718 | 99.92 | NZ_CP065279.1 NODE_46_length_3718_cov_33.179055

CONTIG: NODE_47_length_3449_cov_38.637015 (3449bp)
Best alignment score: 3404.9 (LEN: 3449, IDY: 98.72), Total number of alignments: 1
		One align captures most of this contig: 5104503 5107951 | 1 3449 | 3449 3449 | 98.72 | NZ_CP065279.1 NODE_47_length_3449_cov_38.637015

CONTIG: NODE_48_length_3174_cov_37.224390 (3174bp)
Best alignment score: 3079.2 (LEN: 3109, IDY: 99.04), Total number of alignments: 1
			Looking for the best set of alignments (out of 1 total alignments)
			The best set is below. Score: 3079.2, number of alignments: 1, unaligned bases: 65
		Alignment: 3207417 3210525 | 3174 66 | 3109 3109 | 99.04 | NZ_CP065279.1 NODE_48_length_3174_cov_37.224390

CONTIG: NODE_49_length_2017_cov_34.361835 (2017bp)
Best alignment score: 99.0 (LEN: 99, IDY: 100.00), Total number of alignments: 1
			Looking for the best set of alignments (out of 1 total alignments)
			The best set is below. Score: 99.0, number of alignments: 1, unaligned bases: 1918
		This contig is partially unaligned. (Aligned 99 out of 2017 non-N bases (4.91%))
		Alignment: 3824835 3824933 | 99 1 | 99 99 | 100.0 | NZ_CP065279.1 NODE_49_length_2017_cov_34.361835
		Unaligned bases: 100 to 2017 (1918)

CONTIG: NODE_50_length_1543_cov_66.683518 (1543bp)
		This contig is unaligned. (1543 bp)
		Unaligned bases: 1543 (number of Ns: 0)

CONTIG: NODE_51_length_1435_cov_29.528443 (1435bp)
Best alignment score: 1433.0 (LEN: 1435, IDY: 99.86), Total number of alignments: 1
		One align captures most of this contig: 2384239 2385673 | 1 1435 | 1435 1435 | 99.86 | NZ_CP065279.1 NODE_51_length_1435_cov_29.528443

CONTIG: NODE_52_length_1266_cov_88.648672 (1266bp)
		This contig is unaligned. (1266 bp)
		Unaligned bases: 1266 (number of Ns: 0)

CONTIG: NODE_53_length_1103_cov_29.730080 (1103bp)
		This contig is unaligned. (1103 bp)
		Unaligned bases: 1103 (number of Ns: 0)

CONTIG: NODE_54_length_1102_cov_25.321037 (1102bp)
		This contig is unaligned. (1102 bp)
		Unaligned bases: 1102 (number of Ns: 0)

CONTIG: NODE_55_length_811_cov_32.603933 (811bp)
Best alignment score: 808.0 (LEN: 811, IDY: 99.63), Total number of alignments: 1
		One align captures most of this contig: 44562 45372 | 811 1 | 811 811 | 99.63 | NZ_CP065279.1 NODE_55_length_811_cov_32.603933

CONTIG: NODE_56_length_738_cov_19.410016 (738bp)
Best alignment score: 736.0 (LEN: 738, IDY: 99.73), Total number of alignments: 1
		One align captures most of this contig: 3035367 3036104 | 738 1 | 738 738 | 99.73 | NZ_CP065279.1 NODE_56_length_738_cov_19.410016

CONTIG: NODE_57_length_592_cov_28.089249 (592bp)
Best alignment score: 578.0 (LEN: 592, IDY: 97.64), Total number of alignments: 1
		One align captures most of this contig: 45312 45903 | 1 592 | 592 592 | 97.64 | NZ_CP065279.1 NODE_57_length_592_cov_28.089249

CONTIG: NODE_58_length_581_cov_61.871369 (581bp)
		This contig is unaligned. (581 bp)
		Unaligned bases: 581 (number of Ns: 0)

CONTIG: NODE_59_length_578_cov_57.250522 (578bp)
Best alignment score: 578.0 (LEN: 578, IDY: 100.00), Total number of alignments: 2
		This contig has 2 significant alignments. [An ambiguously mapped contig]
		Using only first of these alignment (option --ambiguity-usage is set to "one"):
			Alignment: 3438831 3439408 | 1 578 | 578 578 | 100.0 | NZ_CP065279.1 NODE_59_length_578_cov_57.250522
			Skipping alignment 676624 677201 | 578 1 | 578 578 | 99.48 | NZ_CP065279.1 NODE_59_length_578_cov_57.250522

Analyzing coverage...
Writing SNPs into /home/buchananr/Desktop/pathogensurveillance/pathogen/work/0b/3e2312b133d7d46f46ea347a9de073/GCF_017189435_1/contigs_reports/minimap_output/SRR12574847_filtered.used_snps

Analysis is finished!
Founded SNPs were written into /home/buchananr/Desktop/pathogensurveillance/pathogen/work/0b/3e2312b133d7d46f46ea347a9de073/GCF_017189435_1/contigs_reports/minimap_output/SRR12574847_filtered.used_snps

Results:
	Local Misassemblies: 10
	Misassemblies: 43
		Relocations: 43
		Translocations: 0
		Inversions: 0
	Scaffold gap extensive misassemblies: 0
	Scaffold gap local misassemblies: 0
	Misassembled Contigs: 22
	Misassembled Contig Bases: 3638146
	Misassemblies Inter-Contig Overlap ("Extra" Aligned Bases): 0
Unaligned Contigs: 7 + 25 part
Half Unaligned Contigs with Misassemblies: 0
Unaligned Bases in Fully and Partially Unaligned Contigs: 464109

Ambiguously Mapped Contigs: 7
Total Bases in Ambiguously Mapped Contigs: 987343
"Extra" Aligned Bases in Ambiguously Mapped Contigs: 0
Note that --allow-ambiguity option was set to "one" and only first alignment per each of these contigs was used (there is no "extra" aligned bases).

	Covered Bases in Reference: 4616333
	Raw Aligned Bases in Assembly: 4618294
	Total Aligned Bases in Assembly (with "Extras"): 4618294

	SNPs: 22169
	Insertions: 1850
	Deletions: 1877

