[2024-04-29 21:15:57,305] multiqc                                            [DEBUG  ]  This is MultiQC v1.18
[2024-04-29 21:15:57,314] multiqc                                            [DEBUG  ]  Loading config settings from: multiqc_config.yml
[2024-04-29 21:15:57,314] multiqc                                            [DEBUG  ]  New config: {'report_comment': 'This report has been generated by the <a href="https://github.com/nf-core/plantpathsurveil" target="_blank">nf-core/plantpathsurveil</a> analysis pipeline. For information about how to interpret these results, please see the <a href="https://nf-co.re/plantpathsurveil" target="_blank">documentation</a>.\n', 'report_section_order': {'nf-core-plantpathsurveil-methods-description': {'order': -1000}, 'software_versions': {'order': -1001}, 'nf-core-plantpathsurveil-summary': {'order': -1002}}, 'export_plots': True}
[2024-04-29 21:15:57,315] multiqc                                            [DEBUG  ]  Loading config settings from: multiqc_config.yml
[2024-04-29 21:15:57,315] multiqc                                            [DEBUG  ]  New config: {'report_comment': 'This report has been generated by the <a href="https://github.com/nf-core/plantpathsurveil" target="_blank">nf-core/plantpathsurveil</a> analysis pipeline. For information about how to interpret these results, please see the <a href="https://nf-co.re/plantpathsurveil" target="_blank">documentation</a>.\n', 'report_section_order': {'nf-core-plantpathsurveil-methods-description': {'order': -1000}, 'software_versions': {'order': -1001}, 'nf-core-plantpathsurveil-summary': {'order': -1002}}, 'export_plots': True}
[2024-04-29 21:15:57,315] multiqc                                            [DEBUG  ]  Command used: /usr/local/bin/multiqc --force --config multiqc_config.yml .
[2024-04-29 21:15:58,150] multiqc                                            [WARNING]  MultiQC Version v1.21 now available!
[2024-04-29 21:15:58,150] multiqc                                            [DEBUG  ]  Working dir : /home/buchananr/Desktop/pathogensurveillance/pathogen/work/3a/ffff9f02cc71f574f2f42a301b54e7
[2024-04-29 21:15:58,151] multiqc                                            [DEBUG  ]  Template    : default
[2024-04-29 21:15:58,151] multiqc                                            [DEBUG  ]  Running Python 3.11.6 | packaged by conda-forge | (main, Oct  3 2023, 10:40:35) [GCC 12.3.0]
[2024-04-29 21:15:58,151] multiqc                                            [DEBUG  ]  Analysing modules: custom_content, ccs, ngsderive, purple, conpair, lima, peddy, somalier, methylQA, mosdepth, phantompeakqualtools, qualimap, preseq, hifiasm, quast, qorts, rna_seqc, rockhopper, rsem, rseqc, busco, bustools, goleft_indexcov, gffcompare, disambiguate, supernova, deeptools, sargasso, verifybamid, mirtrace, happy, mirtop, sambamba, gopeaks, homer, hops, macs2, theta2, snpeff, gatk, htseq, bcftools, featureCounts, fgbio, dragen, dragen_fastqc, dedup, pbmarkdup, damageprofiler, mapdamage, biobambam2, jcvi, mtnucratio, picard, vep, bakta, prokka, qc3C, nanostat, samblaster, samtools, sexdeterrmine, seqera_cli, eigenstratdatabasetools, bamtools, jellyfish, vcftools, longranger, stacks, varscan2, snippy, umitools, truvari, bbmap, bismark, biscuit, diamond, hicexplorer, hicup, hicpro, salmon, kallisto, slamdunk, star, hisat2, tophat, bowtie2, bowtie1, cellranger, snpsplit, odgi, pangolin, nextclade, freyja, humid, kat, leehom, librarian, adapterRemoval, bbduk, clipandmerge, cutadapt, flexbar, sourmash, kaiju, bracken, kraken, malt, motus, trimmomatic, sickle, skewer, sortmerna, biobloomtools, fastq_screen, afterqc, fastp, fastqc, filtlong, prinseqplusplus, pychopper, porechop, pycoqc, minionqc, anglerfish, multivcfanalyzer, clusterflow, checkqc, bcl2fastq, bclconvert, interop, ivar, flash, seqyclean, optitype, whatshap, xenome, xengsort
[2024-04-29 21:15:58,151] multiqc                                            [DEBUG  ]  Using temporary directory for creating report: /tmp/tmpdgwgl54t
[2024-04-29 21:15:58,186] multiqc                                            [INFO   ]  Search path : /home/buchananr/Desktop/pathogensurveillance/pathogen/work/3a/ffff9f02cc71f574f2f42a301b54e7
[2024-04-29 21:15:58,218] multiqc                                            [DEBUG  ]  Summary of files that were skipped by the search: [skipped_no_match: 8] // [skipped_module_specific_max_filesize: 6]
[2024-04-29 21:16:01,013] multiqc.plots.bargraph                             [DEBUG  ]  Using matplotlib version 3.8.1
[2024-04-29 21:16:01,027] multiqc.plots.linegraph                            [DEBUG  ]  Using matplotlib version 3.8.1
[2024-04-29 21:16:01,034] multiqc.modules.custom_content.custom_content      [INFO   ]  software_versions: Found 1 sample (html)
[2024-04-29 21:16:01,034] multiqc.modules.custom_content.custom_content      [INFO   ]  nf-core-plantpathsurveil-summary: Found 1 sample (html)
[2024-04-29 21:16:01,034] multiqc.modules.custom_content.custom_content      [INFO   ]  nf-core-plantpathsurveil-methods-description: Found 1 sample (html)
[2024-04-29 21:16:01,139] multiqc.modules.fastqc.fastqc                      [INFO   ]  Found 6 reports
[2024-04-29 21:16:08,021] multiqc.utils.software_versions                    [DEBUG  ]  Reading software versions from config.software_versions
[2024-04-29 21:16:08,029] multiqc                                            [DEBUG  ]  Reordering sections: anchor 'nf-core-plantpathsurveil-methods-description' not found for module 'FastQC'.
[2024-04-29 21:16:08,029] multiqc                                            [DEBUG  ]  Reordering sections: anchor 'software_versions' not found for module 'FastQC'.
[2024-04-29 21:16:08,029] multiqc                                            [DEBUG  ]  Reordering sections: anchor 'nf-core-plantpathsurveil-summary' not found for module 'FastQC'.
[2024-04-29 21:16:08,029] multiqc                                            [DEBUG  ]  Reordering sections: anchor 'nf-core-plantpathsurveil-methods-description' not found for module 'Software Versions'.
[2024-04-29 21:16:08,029] multiqc                                            [DEBUG  ]  Reordering sections: anchor 'software_versions' not found for module 'Software Versions'.
[2024-04-29 21:16:08,029] multiqc                                            [DEBUG  ]  Reordering sections: anchor 'nf-core-plantpathsurveil-summary' not found for module 'Software Versions'.
[2024-04-29 21:16:08,029] multiqc                                            [DEBUG  ]  Reordering sections: anchor 'nf-core-plantpathsurveil-methods-description' not found for module 'nf-core/plantpathsurveil Methods Description'.
[2024-04-29 21:16:08,029] multiqc                                            [DEBUG  ]  Reordering sections: anchor 'software_versions' not found for module 'nf-core/plantpathsurveil Methods Description'.
[2024-04-29 21:16:08,029] multiqc                                            [DEBUG  ]  Reordering sections: anchor 'nf-core-plantpathsurveil-summary' not found for module 'nf-core/plantpathsurveil Methods Description'.
[2024-04-29 21:16:08,029] multiqc                                            [DEBUG  ]  Reordering sections: anchor 'nf-core-plantpathsurveil-methods-description' not found for module 'nf-core/plantpathsurveil Software Versions'.
[2024-04-29 21:16:08,029] multiqc                                            [DEBUG  ]  Reordering sections: anchor 'software_versions' not found for module 'nf-core/plantpathsurveil Software Versions'.
[2024-04-29 21:16:08,029] multiqc                                            [DEBUG  ]  Reordering sections: anchor 'nf-core-plantpathsurveil-summary' not found for module 'nf-core/plantpathsurveil Software Versions'.
[2024-04-29 21:16:08,029] multiqc                                            [DEBUG  ]  Reordering sections: anchor 'nf-core-plantpathsurveil-methods-description' not found for module 'nf-core/plantpathsurveil Workflow Summary'.
[2024-04-29 21:16:08,029] multiqc                                            [DEBUG  ]  Reordering sections: anchor 'software_versions' not found for module 'nf-core/plantpathsurveil Workflow Summary'.
[2024-04-29 21:16:08,029] multiqc                                            [DEBUG  ]  Reordering sections: anchor 'nf-core-plantpathsurveil-summary' not found for module 'nf-core/plantpathsurveil Workflow Summary'.
[2024-04-29 21:16:08,035] multiqc                                            [DEBUG  ]  Compressing plot data
[2024-04-29 21:16:08,084] multiqc                                            [INFO   ]  Report      : multiqc_report.html
[2024-04-29 21:16:08,084] multiqc                                            [INFO   ]  Data        : multiqc_data
[2024-04-29 21:16:08,084] multiqc                                            [DEBUG  ]  Moving data file from '/tmp/tmpdgwgl54t/multiqc_data' to '/home/buchananr/Desktop/pathogensurveillance/pathogen/work/3a/ffff9f02cc71f574f2f42a301b54e7/multiqc_data'
[2024-04-29 21:16:08,086] multiqc                                            [DEBUG  ]  Full report path: /home/buchananr/Desktop/pathogensurveillance/pathogen/work/3a/ffff9f02cc71f574f2f42a301b54e7/multiqc_report.html
[2024-04-29 21:16:08,087] multiqc                                            [INFO   ]  Plots       : multiqc_plots
[2024-04-29 21:16:08,087] multiqc                                            [DEBUG  ]  Moving plots directory from '/tmp/tmpdgwgl54t/multiqc_plots' to '/home/buchananr/Desktop/pathogensurveillance/pathogen/work/3a/ffff9f02cc71f574f2f42a301b54e7/multiqc_plots'
[2024-04-29 21:16:08,285] multiqc                                            [INFO   ]  MultiQC complete
